[0.006s] Invoking command in '/home/sam/colcon_ws/src/sam_bot_description/build/sam_bot_description': CMAKE_PREFIX_PATH=${CMAKE_PREFIX_PATH}:/opt/ros/humble /usr/bin/cmake --build /home/sam/colcon_ws/src/sam_bot_description/build/sam_bot_description -- -j20 -l20
[0.031s] Invoked command in '/home/sam/colcon_ws/src/sam_bot_description/build/sam_bot_description' returned '0': CMAKE_PREFIX_PATH=${CMAKE_PREFIX_PATH}:/opt/ros/humble /usr/bin/cmake --build /home/sam/colcon_ws/src/sam_bot_description/build/sam_bot_description -- -j20 -l20
[0.037s] Invoking command in '/home/sam/colcon_ws/src/sam_bot_description/build/sam_bot_description': CMAKE_PREFIX_PATH=${CMAKE_PREFIX_PATH}:/opt/ros/humble /usr/bin/cmake --install /home/sam/colcon_ws/src/sam_bot_description/build/sam_bot_description
[0.043s] -- Install configuration: ""
[0.044s] -- Execute custom install script
[0.044s] -- Up-to-date symlink: /home/sam/colcon_ws/src/sam_bot_description/install/sam_bot_description/share/sam_bot_description/src/description/sam_bot_description.sdf
[0.044s] -- Up-to-date symlink: /home/sam/colcon_ws/src/sam_bot_description/install/sam_bot_description/share/sam_bot_description/src/description/sam_bot_description.urdf
[0.044s] -- Up-to-date symlink: /home/sam/colcon_ws/src/sam_bot_description/install/sam_bot_description/share/sam_bot_description/launch/display.launch.py
[0.044s] -- Up-to-date symlink: /home/sam/colcon_ws/src/sam_bot_description/install/sam_bot_description/share/sam_bot_description/rviz/config.rviz
[0.044s] -- Up-to-date symlink: /home/sam/colcon_ws/src/sam_bot_description/install/sam_bot_description/share/ament_index/resource_index/package_run_dependencies/sam_bot_description
[0.044s] -- Up-to-date symlink: /home/sam/colcon_ws/src/sam_bot_description/install/sam_bot_description/share/ament_index/resource_index/parent_prefix_path/sam_bot_description
[0.044s] -- Up-to-date symlink: /home/sam/colcon_ws/src/sam_bot_description/install/sam_bot_description/share/sam_bot_description/environment/ament_prefix_path.sh
[0.045s] -- Up-to-date symlink: /home/sam/colcon_ws/src/sam_bot_description/install/sam_bot_description/share/sam_bot_description/environment/ament_prefix_path.dsv
[0.045s] -- Up-to-date symlink: /home/sam/colcon_ws/src/sam_bot_description/install/sam_bot_description/share/sam_bot_description/environment/path.sh
[0.045s] -- Up-to-date symlink: /home/sam/colcon_ws/src/sam_bot_description/install/sam_bot_description/share/sam_bot_description/environment/path.dsv
[0.045s] -- Up-to-date symlink: /home/sam/colcon_ws/src/sam_bot_description/install/sam_bot_description/share/sam_bot_description/local_setup.bash
[0.045s] -- Up-to-date symlink: /home/sam/colcon_ws/src/sam_bot_description/install/sam_bot_description/share/sam_bot_description/local_setup.sh
[0.045s] -- Up-to-date symlink: /home/sam/colcon_ws/src/sam_bot_description/install/sam_bot_description/share/sam_bot_description/local_setup.zsh
[0.045s] -- Up-to-date symlink: /home/sam/colcon_ws/src/sam_bot_description/install/sam_bot_description/share/sam_bot_description/local_setup.dsv
[0.045s] -- Symlinking: /home/sam/colcon_ws/src/sam_bot_description/install/sam_bot_description/share/sam_bot_description/package.dsv
[0.051s] -- Up-to-date symlink: /home/sam/colcon_ws/src/sam_bot_description/install/sam_bot_description/share/ament_index/resource_index/packages/sam_bot_description
[0.052s] -- Up-to-date symlink: /home/sam/colcon_ws/src/sam_bot_description/install/sam_bot_description/share/sam_bot_description/cmake/sam_bot_descriptionConfig.cmake
[0.052s] -- Up-to-date symlink: /home/sam/colcon_ws/src/sam_bot_description/install/sam_bot_description/share/sam_bot_description/cmake/sam_bot_descriptionConfig-version.cmake
[0.052s] -- Up-to-date symlink: /home/sam/colcon_ws/src/sam_bot_description/install/sam_bot_description/share/sam_bot_description/package.xml
[0.053s] Invoked command in '/home/sam/colcon_ws/src/sam_bot_description/build/sam_bot_description' returned '0': CMAKE_PREFIX_PATH=${CMAKE_PREFIX_PATH}:/opt/ros/humble /usr/bin/cmake --install /home/sam/colcon_ws/src/sam_bot_description/build/sam_bot_description
