[0.006s] Invoking command in '/home/sam/colcon_ws/src/sam_bot_description/build/sam_bot_description': CMAKE_PREFIX_PATH=${CMAKE_PREFIX_PATH}:/opt/ros/humble /usr/bin/cmake --build /home/sam/colcon_ws/src/sam_bot_description/build/sam_bot_description -- -j20 -l20
[0.026s] -- Found ament_cmake: 1.3.11 (/opt/ros/humble/share/ament_cmake/cmake)
[0.119s] -- Override CMake install command with custom implementation using symlinks instead of copying resources
[0.128s] -- Found ament_lint_auto: 0.12.12 (/opt/ros/humble/share/ament_lint_auto/cmake)
[0.174s] -- Added test 'cppcheck' to perform static code analysis on C / C++ code
[0.174s] -- Configured cppcheck include dirs: 
[0.174s] -- Configured cppcheck exclude dirs and/or files: 
[0.175s] -- Added test 'flake8' to check Python code syntax and style conventions
[0.177s] -- Added test 'lint_cmake' to check CMake code style
[0.177s] -- Added test 'pep257' to check Python code against some of the docstring style conventions in PEP 257
[0.183s] -- Added test 'uncrustify' to check C / C++ code style
[0.183s] -- Configured uncrustify additional arguments: 
[0.184s] -- Added test 'xmllint' to check XML markup files
[0.185s] -- Configuring done
[0.187s] -- Generating done
[0.187s] -- Build files have been written to: /home/sam/colcon_ws/src/sam_bot_description/build/sam_bot_description
[0.204s] Invoked command in '/home/sam/colcon_ws/src/sam_bot_description/build/sam_bot_description' returned '0': CMAKE_PREFIX_PATH=${CMAKE_PREFIX_PATH}:/opt/ros/humble /usr/bin/cmake --build /home/sam/colcon_ws/src/sam_bot_description/build/sam_bot_description -- -j20 -l20
[0.212s] Invoking command in '/home/sam/colcon_ws/src/sam_bot_description/build/sam_bot_description': CMAKE_PREFIX_PATH=${CMAKE_PREFIX_PATH}:/opt/ros/humble /usr/bin/cmake --install /home/sam/colcon_ws/src/sam_bot_description/build/sam_bot_description
[0.222s] -- Install configuration: ""
[0.223s] -- Execute custom install script
[0.224s] -- Up-to-date symlink: /home/sam/colcon_ws/src/sam_bot_description/install/sam_bot_description/share/sam_bot_description/src/description/sam_bot_description.sdf
[0.224s] -- Up-to-date symlink: /home/sam/colcon_ws/src/sam_bot_description/install/sam_bot_description/share/sam_bot_description/src/description/sam_bot_description.urdf
[0.224s] -- Up-to-date symlink: /home/sam/colcon_ws/src/sam_bot_description/install/sam_bot_description/share/sam_bot_description/launch/display.launch.py
[0.224s] -- Up-to-date symlink: /home/sam/colcon_ws/src/sam_bot_description/install/sam_bot_description/share/sam_bot_description/rviz/config.rviz
[0.224s] -- Up-to-date symlink: /home/sam/colcon_ws/src/sam_bot_description/install/sam_bot_description/share/sam_bot_description/config/ekf.yaml
[0.224s] -- Symlinking: /home/sam/colcon_ws/src/sam_bot_description/install/sam_bot_description/share/sam_bot_description/world/my_world.sdf
[0.234s] -- Up-to-date symlink: /home/sam/colcon_ws/src/sam_bot_description/install/sam_bot_description/share/ament_index/resource_index/package_run_dependencies/sam_bot_description
[0.234s] -- Up-to-date symlink: /home/sam/colcon_ws/src/sam_bot_description/install/sam_bot_description/share/ament_index/resource_index/parent_prefix_path/sam_bot_description
[0.234s] -- Up-to-date symlink: /home/sam/colcon_ws/src/sam_bot_description/install/sam_bot_description/share/sam_bot_description/environment/ament_prefix_path.sh
[0.234s] -- Up-to-date symlink: /home/sam/colcon_ws/src/sam_bot_description/install/sam_bot_description/share/sam_bot_description/environment/ament_prefix_path.dsv
[0.234s] -- Up-to-date symlink: /home/sam/colcon_ws/src/sam_bot_description/install/sam_bot_description/share/sam_bot_description/environment/path.sh
[0.234s] -- Up-to-date symlink: /home/sam/colcon_ws/src/sam_bot_description/install/sam_bot_description/share/sam_bot_description/environment/path.dsv
[0.234s] -- Up-to-date symlink: /home/sam/colcon_ws/src/sam_bot_description/install/sam_bot_description/share/sam_bot_description/local_setup.bash
[0.234s] -- Up-to-date symlink: /home/sam/colcon_ws/src/sam_bot_description/install/sam_bot_description/share/sam_bot_description/local_setup.sh
[0.234s] -- Up-to-date symlink: /home/sam/colcon_ws/src/sam_bot_description/install/sam_bot_description/share/sam_bot_description/local_setup.zsh
[0.234s] -- Up-to-date symlink: /home/sam/colcon_ws/src/sam_bot_description/install/sam_bot_description/share/sam_bot_description/local_setup.dsv
[0.234s] -- Symlinking: /home/sam/colcon_ws/src/sam_bot_description/install/sam_bot_description/share/sam_bot_description/package.dsv
[0.240s] -- Up-to-date symlink: /home/sam/colcon_ws/src/sam_bot_description/install/sam_bot_description/share/ament_index/resource_index/packages/sam_bot_description
[0.240s] -- Up-to-date symlink: /home/sam/colcon_ws/src/sam_bot_description/install/sam_bot_description/share/sam_bot_description/cmake/sam_bot_descriptionConfig.cmake
[0.240s] -- Up-to-date symlink: /home/sam/colcon_ws/src/sam_bot_description/install/sam_bot_description/share/sam_bot_description/cmake/sam_bot_descriptionConfig-version.cmake
[0.240s] -- Up-to-date symlink: /home/sam/colcon_ws/src/sam_bot_description/install/sam_bot_description/share/sam_bot_description/package.xml
[0.241s] Invoked command in '/home/sam/colcon_ws/src/sam_bot_description/build/sam_bot_description' returned '0': CMAKE_PREFIX_PATH=${CMAKE_PREFIX_PATH}:/opt/ros/humble /usr/bin/cmake --install /home/sam/colcon_ws/src/sam_bot_description/build/sam_bot_description
