[0.008s] Invoking command in '/home/sam/colcon_ws/build/nav2_tb3_autonomy': CMAKE_PREFIX_PATH=${CMAKE_PREFIX_PATH}:/opt/ros/humble /usr/bin/cmake /home/sam/colcon_ws/src/nav2_tb3_autonomy -DCMAKE_INSTALL_PREFIX=/home/sam/colcon_ws/install/nav2_tb3_autonomy
[0.144s] -- The C compiler identification is GNU 11.4.0
[0.260s] -- The CXX compiler identification is GNU 11.4.0
[0.277s] -- Detecting C compiler ABI info
[0.422s] -- Detecting C compiler ABI info - done
[0.435s] -- Check for working C compiler: /usr/bin/cc - skipped
[0.436s] -- Detecting C compile features
[0.437s] -- Detecting C compile features - done
[0.442s] -- Detecting CXX compiler ABI info
[0.578s] -- Detecting CXX compiler ABI info - done
[0.592s] -- Check for working CXX compiler: /usr/bin/c++ - skipped
[0.593s] -- Detecting CXX compile features
[0.593s] -- Detecting CXX compile features - done
[0.599s] -- Found ament_cmake: 1.3.12 (/opt/ros/humble/share/ament_cmake/cmake)
[1.161s] -- Found Python3: /usr/bin/python3 (found version "3.10.12") found components: Interpreter 
[1.271s] -- Found rclcpp: 16.0.15 (/opt/ros/humble/share/rclcpp/cmake)
[1.346s] -- Found rosidl_generator_c: 3.1.7 (/opt/ros/humble/share/rosidl_generator_c/cmake)
[1.353s] -- Found rosidl_adapter: 3.1.7 (/opt/ros/humble/share/rosidl_adapter/cmake)
[1.362s] -- Found rosidl_generator_cpp: 3.1.7 (/opt/ros/humble/share/rosidl_generator_cpp/cmake)
[1.371s] -- Using all available rosidl_typesupport_c: rosidl_typesupport_fastrtps_c;rosidl_typesupport_introspection_c
[1.380s] -- Using all available rosidl_typesupport_cpp: rosidl_typesupport_fastrtps_cpp;rosidl_typesupport_introspection_cpp
[1.403s] -- Found rmw_implementation_cmake: 6.1.2 (/opt/ros/humble/share/rmw_implementation_cmake/cmake)
[1.406s] -- Found rmw_cyclonedds_cpp: 1.3.4 (/opt/ros/humble/share/rmw_cyclonedds_cpp/cmake)
[1.420s] -- Using RMW implementation 'rmw_cyclonedds_cpp' as default
[1.432s] -- Looking for pthread.h
[1.550s] -- Looking for pthread.h - found
[1.550s] -- Performing Test CMAKE_HAVE_LIBC_PTHREAD
[1.667s] -- Performing Test CMAKE_HAVE_LIBC_PTHREAD - Success
[1.668s] -- Found Threads: TRUE  
[1.744s] -- Found rclcpp_action: 16.0.15 (/opt/ros/humble/share/rclcpp_action/cmake)
[1.792s] -- Found nav2_msgs: 1.1.19 (/opt/ros/humble/share/nav2_msgs/cmake)
[1.872s] -- Found tf2: 0.25.16 (/opt/ros/humble/share/tf2/cmake)
[1.890s] -- Found tf2_geometry_msgs: 0.25.16 (/opt/ros/humble/share/tf2_geometry_msgs/cmake)
[1.912s] -- Found eigen3_cmake_module: 0.1.1 (/opt/ros/humble/share/eigen3_cmake_module/cmake)
[1.914s] -- Found Eigen3: TRUE (found version "3.4.0") 
[1.914s] -- Ensuring Eigen3 include directory is part of orocos-kdl CMake target
[1.955s] -- Found ament_lint_auto: 0.12.14 (/opt/ros/humble/share/ament_lint_auto/cmake)
[2.009s] -- Added test 'copyright' to check source files copyright and LICENSE
[2.014s] -- Added test 'cppcheck' to perform static code analysis on C / C++ code
[2.014s] -- Configured cppcheck include dirs: /home/sam/colcon_ws/src/nav2_tb3_autonomy/include
[2.014s] -- Configured cppcheck exclude dirs and/or files: 
[2.018s] -- Added test 'cpplint' to check C / C++ code against the Google style
[2.018s] -- Configured cpplint exclude dirs and/or files: 
[2.019s] -- Added test 'flake8' to check Python code syntax and style conventions
[2.020s] -- Added test 'lint_cmake' to check CMake code style
[2.021s] -- Added test 'pep257' to check Python code against some of the docstring style conventions in PEP 257
[2.025s] -- Added test 'uncrustify' to check C / C++ code style
[2.025s] -- Configured uncrustify additional arguments: 
[2.026s] -- Added test 'xmllint' to check XML markup files
[2.026s] -- Configuring done
[2.032s] -- Generating done
[2.034s] -- Build files have been written to: /home/sam/colcon_ws/build/nav2_tb3_autonomy
[2.040s] Invoked command in '/home/sam/colcon_ws/build/nav2_tb3_autonomy' returned '0': CMAKE_PREFIX_PATH=${CMAKE_PREFIX_PATH}:/opt/ros/humble /usr/bin/cmake /home/sam/colcon_ws/src/nav2_tb3_autonomy -DCMAKE_INSTALL_PREFIX=/home/sam/colcon_ws/install/nav2_tb3_autonomy
[2.041s] Invoking command in '/home/sam/colcon_ws/build/nav2_tb3_autonomy': CMAKE_PREFIX_PATH=${CMAKE_PREFIX_PATH}:/opt/ros/humble /usr/bin/cmake --build /home/sam/colcon_ws/build/nav2_tb3_autonomy -- -j20 -l20
[2.097s] [ 33%] [32mBuilding CXX object CMakeFiles/autonomy_node.dir/src/autonomy_node.cpp.o[0m
[2.098s] [ 66%] [32mBuilding CXX object CMakeFiles/autonomy_node.dir/src/navigation_behaviors.cpp.o[0m
[4.707s] [100%] [32m[1mLinking CXX executable autonomy_node[0m
[4.890s] [100%] Built target autonomy_node
[4.907s] Invoked command in '/home/sam/colcon_ws/build/nav2_tb3_autonomy' returned '0': CMAKE_PREFIX_PATH=${CMAKE_PREFIX_PATH}:/opt/ros/humble /usr/bin/cmake --build /home/sam/colcon_ws/build/nav2_tb3_autonomy -- -j20 -l20
[4.908s] Invoking command in '/home/sam/colcon_ws/build/nav2_tb3_autonomy': CMAKE_PREFIX_PATH=${CMAKE_PREFIX_PATH}:/opt/ros/humble /usr/bin/cmake --install /home/sam/colcon_ws/build/nav2_tb3_autonomy
[4.918s] -- Install configuration: ""
[4.918s] -- Installing: /home/sam/colcon_ws/install/nav2_tb3_autonomy/share/nav2_tb3_autonomy/bt_xml
[4.918s] -- Installing: /home/sam/colcon_ws/install/nav2_tb3_autonomy/share/nav2_tb3_autonomy/bt_xml/tree.xml
[4.918s] -- Installing: /home/sam/colcon_ws/install/nav2_tb3_autonomy/share/nav2_tb3_autonomy/launch
[4.918s] -- Installing: /home/sam/colcon_ws/install/nav2_tb3_autonomy/share/nav2_tb3_autonomy/launch/autonomy.launch.py
[4.918s] -- Installing: /home/sam/colcon_ws/install/nav2_tb3_autonomy/share/nav2_tb3_autonomy/launch/__pycache__
[4.918s] -- Installing: /home/sam/colcon_ws/install/nav2_tb3_autonomy/share/nav2_tb3_autonomy/launch/__pycache__/autonomy.launch.cpython-310.pyc
[4.918s] -- Installing: /home/sam/colcon_ws/install/nav2_tb3_autonomy/share/nav2_tb3_autonomy/config
[4.918s] -- Installing: /home/sam/colcon_ws/install/nav2_tb3_autonomy/share/nav2_tb3_autonomy/config/sim_house_locations.yaml
[4.918s] -- Installing: /home/sam/colcon_ws/install/nav2_tb3_autonomy/lib/nav2_tb3_autonomy/autonomy_node
[4.920s] -- Set runtime path of "/home/sam/colcon_ws/install/nav2_tb3_autonomy/lib/nav2_tb3_autonomy/autonomy_node" to ""
[4.920s] -- Installing: /home/sam/colcon_ws/install/nav2_tb3_autonomy/share/ament_index/resource_index/package_run_dependencies/nav2_tb3_autonomy
[4.920s] -- Installing: /home/sam/colcon_ws/install/nav2_tb3_autonomy/share/ament_index/resource_index/parent_prefix_path/nav2_tb3_autonomy
[4.920s] -- Installing: /home/sam/colcon_ws/install/nav2_tb3_autonomy/share/nav2_tb3_autonomy/environment/ament_prefix_path.sh
[4.920s] -- Installing: /home/sam/colcon_ws/install/nav2_tb3_autonomy/share/nav2_tb3_autonomy/environment/ament_prefix_path.dsv
[4.920s] -- Installing: /home/sam/colcon_ws/install/nav2_tb3_autonomy/share/nav2_tb3_autonomy/environment/path.sh
[4.920s] -- Installing: /home/sam/colcon_ws/install/nav2_tb3_autonomy/share/nav2_tb3_autonomy/environment/path.dsv
[4.920s] -- Installing: /home/sam/colcon_ws/install/nav2_tb3_autonomy/share/nav2_tb3_autonomy/local_setup.bash
[4.921s] -- Installing: /home/sam/colcon_ws/install/nav2_tb3_autonomy/share/nav2_tb3_autonomy/local_setup.sh
[4.921s] -- Installing: /home/sam/colcon_ws/install/nav2_tb3_autonomy/share/nav2_tb3_autonomy/local_setup.zsh
[4.921s] -- Installing: /home/sam/colcon_ws/install/nav2_tb3_autonomy/share/nav2_tb3_autonomy/local_setup.dsv
[4.921s] -- Installing: /home/sam/colcon_ws/install/nav2_tb3_autonomy/share/nav2_tb3_autonomy/package.dsv
[4.921s] -- Installing: /home/sam/colcon_ws/install/nav2_tb3_autonomy/share/ament_index/resource_index/packages/nav2_tb3_autonomy
[4.921s] -- Installing: /home/sam/colcon_ws/install/nav2_tb3_autonomy/share/nav2_tb3_autonomy/cmake/nav2_tb3_autonomyConfig.cmake
[4.921s] -- Installing: /home/sam/colcon_ws/install/nav2_tb3_autonomy/share/nav2_tb3_autonomy/cmake/nav2_tb3_autonomyConfig-version.cmake
[4.921s] -- Installing: /home/sam/colcon_ws/install/nav2_tb3_autonomy/share/nav2_tb3_autonomy/package.xml
[4.925s] Invoked command in '/home/sam/colcon_ws/build/nav2_tb3_autonomy' returned '0': CMAKE_PREFIX_PATH=${CMAKE_PREFIX_PATH}:/opt/ros/humble /usr/bin/cmake --install /home/sam/colcon_ws/build/nav2_tb3_autonomy
