[35m[1mConsolidate compiler generated dependencies of target autonomy_node[0m
[100%] Built target autonomy_node
-- Install configuration: ""
-- Up-to-date: /home/sam/colcon_ws/src/nav2_tb3_autonomy/install/nav2_tb3_autonomy/share/nav2_tb3_autonomy/bt_xml
-- Up-to-date: /home/sam/colcon_ws/src/nav2_tb3_autonomy/install/nav2_tb3_autonomy/share/nav2_tb3_autonomy/bt_xml/tree.xml
-- Up-to-date: /home/sam/colcon_ws/src/nav2_tb3_autonomy/install/nav2_tb3_autonomy/share/nav2_tb3_autonomy/launch
-- Up-to-date: /home/sam/colcon_ws/src/nav2_tb3_autonomy/install/nav2_tb3_autonomy/share/nav2_tb3_autonomy/launch/autonomy.launch.py
-- Up-to-date: /home/sam/colcon_ws/src/nav2_tb3_autonomy/install/nav2_tb3_autonomy/share/nav2_tb3_autonomy/launch/nav2.launch.py
-- Up-to-date: /home/sam/colcon_ws/src/nav2_tb3_autonomy/install/nav2_tb3_autonomy/share/nav2_tb3_autonomy/launch/__pycache__
-- Up-to-date: /home/sam/colcon_ws/src/nav2_tb3_autonomy/install/nav2_tb3_autonomy/share/nav2_tb3_autonomy/launch/__pycache__/autonomy.launch.cpython-310.pyc
-- Up-to-date: /home/sam/colcon_ws/src/nav2_tb3_autonomy/install/nav2_tb3_autonomy/share/nav2_tb3_autonomy/config
-- Up-to-date: /home/sam/colcon_ws/src/nav2_tb3_autonomy/install/nav2_tb3_autonomy/share/nav2_tb3_autonomy/config/sim_house_locations.yaml
-- Up-to-date: /home/sam/colcon_ws/src/nav2_tb3_autonomy/install/nav2_tb3_autonomy/lib/nav2_tb3_autonomy/autonomy_node
-- Up-to-date: /home/sam/colcon_ws/src/nav2_tb3_autonomy/install/nav2_tb3_autonomy/share/ament_index/resource_index/package_run_dependencies/nav2_tb3_autonomy
-- Up-to-date: /home/sam/colcon_ws/src/nav2_tb3_autonomy/install/nav2_tb3_autonomy/share/ament_index/resource_index/parent_prefix_path/nav2_tb3_autonomy
-- Up-to-date: /home/sam/colcon_ws/src/nav2_tb3_autonomy/install/nav2_tb3_autonomy/share/nav2_tb3_autonomy/environment/ament_prefix_path.sh
-- Up-to-date: /home/sam/colcon_ws/src/nav2_tb3_autonomy/install/nav2_tb3_autonomy/share/nav2_tb3_autonomy/environment/ament_prefix_path.dsv
-- Up-to-date: /home/sam/colcon_ws/src/nav2_tb3_autonomy/install/nav2_tb3_autonomy/share/nav2_tb3_autonomy/environment/path.sh
-- Up-to-date: /home/sam/colcon_ws/src/nav2_tb3_autonomy/install/nav2_tb3_autonomy/share/nav2_tb3_autonomy/environment/path.dsv
-- Up-to-date: /home/sam/colcon_ws/src/nav2_tb3_autonomy/install/nav2_tb3_autonomy/share/nav2_tb3_autonomy/local_setup.bash
-- Up-to-date: /home/sam/colcon_ws/src/nav2_tb3_autonomy/install/nav2_tb3_autonomy/share/nav2_tb3_autonomy/local_setup.sh
-- Up-to-date: /home/sam/colcon_ws/src/nav2_tb3_autonomy/install/nav2_tb3_autonomy/share/nav2_tb3_autonomy/local_setup.zsh
-- Up-to-date: /home/sam/colcon_ws/src/nav2_tb3_autonomy/install/nav2_tb3_autonomy/share/nav2_tb3_autonomy/local_setup.dsv
-- Installing: /home/sam/colcon_ws/src/nav2_tb3_autonomy/install/nav2_tb3_autonomy/share/nav2_tb3_autonomy/package.dsv
-- Up-to-date: /home/sam/colcon_ws/src/nav2_tb3_autonomy/install/nav2_tb3_autonomy/share/ament_index/resource_index/packages/nav2_tb3_autonomy
-- Up-to-date: /home/sam/colcon_ws/src/nav2_tb3_autonomy/install/nav2_tb3_autonomy/share/nav2_tb3_autonomy/cmake/nav2_tb3_autonomyConfig.cmake
-- Up-to-date: /home/sam/colcon_ws/src/nav2_tb3_autonomy/install/nav2_tb3_autonomy/share/nav2_tb3_autonomy/cmake/nav2_tb3_autonomyConfig-version.cmake
-- Up-to-date: /home/sam/colcon_ws/src/nav2_tb3_autonomy/install/nav2_tb3_autonomy/share/nav2_tb3_autonomy/package.xml
