[0.085s] [34mcolcon[0m [1;30mDEBUG[0m [32mCommand line arguments: ['/usr/bin/colcon', 'build'][0m
[0.085s] [34mcolcon[0m [1;30mDEBUG[0m [32mParsed command line arguments: Namespace(log_base=None, log_level=None, verb_name='build', build_base='build', install_base='install', merge_install=False, symlink_install=False, test_result_base=None, continue_on_error=False, executor='parallel', parallel_workers=20, event_handlers=None, ignore_user_meta=False, metas=['./colcon.meta'], base_paths=['.'], packages_ignore=None, packages_ignore_regex=None, paths=None, packages_up_to=None, packages_up_to_regex=None, packages_above=None, packages_above_and_dependencies=None, packages_above_depth=None, packages_select_by_dep=None, packages_skip_by_dep=None, packages_skip_up_to=None, packages_select_build_failed=False, packages_skip_build_finished=False, packages_select_test_failures=False, packages_skip_test_passed=False, packages_select=None, packages_skip=None, packages_select_regex=None, packages_skip_regex=None, packages_start=None, packages_end=None, allow_overriding=[], cmake_args=None, cmake_target=None, cmake_target_skip_unavailable=False, cmake_clean_cache=False, cmake_clean_first=False, cmake_force_configure=False, ament_cmake_args=None, catkin_cmake_args=None, catkin_skip_building_tests=False, mixin_files=None, mixin=None, verb_parser=<colcon_mixin.mixin.mixin_argument.MixinArgumentDecorator object at 0x71fcf0350a00>, verb_extension=<colcon_core.verb.build.BuildVerb object at 0x71fcf0471ae0>, main=<bound method BuildVerb.main of <colcon_core.verb.build.BuildVerb object at 0x71fcf0471ae0>>, mixin_verb=('build',))[0m
[0.135s] [34mcolcon.colcon_core.package_discovery[0m [1;30mLevel 1[0m discover_packages(colcon_meta) check parameters
[0.135s] [34mcolcon.colcon_core.package_discovery[0m [1;30mLevel 1[0m discover_packages(recursive) check parameters
[0.135s] [34mcolcon.colcon_core.package_discovery[0m [1;30mLevel 1[0m discover_packages(ignore) check parameters
[0.135s] [34mcolcon.colcon_core.package_discovery[0m [1;30mLevel 1[0m discover_packages(path) check parameters
[0.135s] [34mcolcon.colcon_core.package_discovery[0m [1;30mLevel 1[0m discover_packages(colcon_meta) discover
[0.136s] [34mcolcon.colcon_core.package_discovery[0m [1;30mLevel 1[0m discover_packages(recursive) discover
[0.136s] [34mcolcon.colcon_core.package_discovery[0m [1;30mINFO[0m Crawling recursively for packages in '/home/sam/colcon_ws/src/sam_bot_description'
[0.136s] [34mcolcon.colcon_core.package_identification[0m [1;30mLevel 1[0m _identify(.) by extensions ['ignore', 'ignore_ament_install']
[0.136s] [34mcolcon.colcon_core.package_identification[0m [1;30mLevel 1[0m _identify(.) by extension 'ignore'
[0.136s] [34mcolcon.colcon_core.package_identification[0m [1;30mLevel 1[0m _identify(.) by extension 'ignore_ament_install'
[0.136s] [34mcolcon.colcon_core.package_identification[0m [1;30mLevel 1[0m _identify(.) by extensions ['colcon_pkg']
[0.136s] [34mcolcon.colcon_core.package_identification[0m [1;30mLevel 1[0m _identify(.) by extension 'colcon_pkg'
[0.136s] [34mcolcon.colcon_core.package_identification[0m [1;30mLevel 1[0m _identify(.) by extensions ['colcon_meta']
[0.136s] [34mcolcon.colcon_core.package_identification[0m [1;30mLevel 1[0m _identify(.) by extension 'colcon_meta'
[0.136s] [34mcolcon.colcon_core.package_identification[0m [1;30mLevel 1[0m _identify(.) by extensions ['ros']
[0.136s] [34mcolcon.colcon_core.package_identification[0m [1;30mLevel 1[0m _identify(.) by extension 'ros'
[0.145s] [34mcolcon.colcon_core.package_identification[0m [1;30mDEBUG[0m [32mPackage '.' with type 'ros.ament_cmake' and name 'sam_bot_description'[0m
[0.146s] [34mcolcon.colcon_core.package_discovery[0m [1;30mLevel 1[0m discover_packages(recursive) using defaults
[0.146s] [34mcolcon.colcon_core.package_discovery[0m [1;30mLevel 1[0m discover_packages(ignore) discover
[0.146s] [34mcolcon.colcon_core.package_discovery[0m [1;30mLevel 1[0m discover_packages(ignore) using defaults
[0.146s] [34mcolcon.colcon_core.package_discovery[0m [1;30mLevel 1[0m discover_packages(path) discover
[0.146s] [34mcolcon.colcon_core.package_discovery[0m [1;30mLevel 1[0m discover_packages(path) using defaults
[0.156s] [34mcolcon.colcon_core.package_discovery[0m [1;30mLevel 1[0m discover_packages(prefix_path) check parameters
[0.156s] [34mcolcon.colcon_core.package_discovery[0m [1;30mLevel 1[0m discover_packages(prefix_path) discover
[0.157s] [34mcolcon.colcon_installed_package_information.package_discovery[0m [1;30mDEBUG[0m [32mFound 4 installed packages in /home/sam/colcon_ws/install[0m
[0.157s] [34mcolcon.colcon_installed_package_information.package_discovery[0m [1;30mDEBUG[0m [32mFound 1 installed packages in /home/sam/colcon_ws/src/sam_bot_description/install[0m
[0.158s] [34mcolcon.colcon_installed_package_information.package_discovery[0m [1;30mDEBUG[0m [32mFound 288 installed packages in /opt/ros/humble[0m
[0.159s] [34mcolcon.colcon_core.package_discovery[0m [1;30mLevel 1[0m discover_packages(prefix_path) using defaults
[0.181s] [34mcolcon.colcon_core.verb[0m [1;30mLevel 5[0m set package 'sam_bot_description' build argument 'cmake_args' from command line to 'None'
[0.181s] [34mcolcon.colcon_core.verb[0m [1;30mLevel 5[0m set package 'sam_bot_description' build argument 'cmake_target' from command line to 'None'
[0.181s] [34mcolcon.colcon_core.verb[0m [1;30mLevel 5[0m set package 'sam_bot_description' build argument 'cmake_target_skip_unavailable' from command line to 'False'
[0.181s] [34mcolcon.colcon_core.verb[0m [1;30mLevel 5[0m set package 'sam_bot_description' build argument 'cmake_clean_cache' from command line to 'False'
[0.181s] [34mcolcon.colcon_core.verb[0m [1;30mLevel 5[0m set package 'sam_bot_description' build argument 'cmake_clean_first' from command line to 'False'
[0.181s] [34mcolcon.colcon_core.verb[0m [1;30mLevel 5[0m set package 'sam_bot_description' build argument 'cmake_force_configure' from command line to 'False'
[0.181s] [34mcolcon.colcon_core.verb[0m [1;30mLevel 5[0m set package 'sam_bot_description' build argument 'ament_cmake_args' from command line to 'None'
[0.181s] [34mcolcon.colcon_core.verb[0m [1;30mLevel 5[0m set package 'sam_bot_description' build argument 'catkin_cmake_args' from command line to 'None'
[0.181s] [34mcolcon.colcon_core.verb[0m [1;30mLevel 5[0m set package 'sam_bot_description' build argument 'catkin_skip_building_tests' from command line to 'False'
[0.181s] [34mcolcon.colcon_core.verb[0m [1;30mDEBUG[0m [32mBuilding package 'sam_bot_description' with the following arguments: {'ament_cmake_args': None, 'build_base': '/home/sam/colcon_ws/src/sam_bot_description/build/sam_bot_description', 'catkin_cmake_args': None, 'catkin_skip_building_tests': False, 'cmake_args': None, 'cmake_clean_cache': False, 'cmake_clean_first': False, 'cmake_force_configure': False, 'cmake_target': None, 'cmake_target_skip_unavailable': False, 'install_base': '/home/sam/colcon_ws/src/sam_bot_description/install/sam_bot_description', 'merge_install': False, 'path': '/home/sam/colcon_ws/src/sam_bot_description', 'symlink_install': False, 'test_result_base': None}[0m
[0.181s] [34mcolcon.colcon_core.executor[0m [1;30mINFO[0m Executing jobs using 'parallel' executor
[0.182s] [34mcolcon.colcon_parallel_executor.executor.parallel[0m [1;30mDEBUG[0m [32mrun_until_complete[0m
[0.182s] [34mcolcon.colcon_ros.task.ament_cmake.build[0m [1;30mINFO[0m Building ROS package in '/home/sam/colcon_ws/src/sam_bot_description' with build type 'ament_cmake'
[0.182s] [34mcolcon.colcon_cmake.task.cmake.build[0m [1;30mINFO[0m Building CMake package in '/home/sam/colcon_ws/src/sam_bot_description'
[0.184s] [34mcolcon.colcon_core.plugin_system[0m [1;30mINFO[0m Skipping extension 'colcon_core.shell.bat': Not used on non-Windows systems
[0.184s] [34mcolcon.colcon_core.shell[0m [1;30mINFO[0m Skip shell extension 'powershell' for command environment: Not usable outside of PowerShell
[0.184s] [34mcolcon.colcon_core.shell[0m [1;30mDEBUG[0m [32mSkip shell extension 'dsv' for command environment[0m
[0.189s] [34mcolcon.colcon_core.event_handler.log_command[0m [1;30mDEBUG[0m [32mInvoking command in '/home/sam/colcon_ws/src/sam_bot_description/build/sam_bot_description': CMAKE_PREFIX_PATH=${CMAKE_PREFIX_PATH}:/opt/ros/humble /usr/bin/cmake --build /home/sam/colcon_ws/src/sam_bot_description/build/sam_bot_description -- -j20 -l20[0m
[0.427s] [34mcolcon.colcon_core.event_handler.log_command[0m [1;30mDEBUG[0m [32mInvoked command in '/home/sam/colcon_ws/src/sam_bot_description/build/sam_bot_description' returned '0': CMAKE_PREFIX_PATH=${CMAKE_PREFIX_PATH}:/opt/ros/humble /usr/bin/cmake --build /home/sam/colcon_ws/src/sam_bot_description/build/sam_bot_description -- -j20 -l20[0m
[0.438s] [34mcolcon.colcon_core.event_handler.log_command[0m [1;30mDEBUG[0m [32mInvoking command in '/home/sam/colcon_ws/src/sam_bot_description/build/sam_bot_description': CMAKE_PREFIX_PATH=${CMAKE_PREFIX_PATH}:/opt/ros/humble /usr/bin/cmake --install /home/sam/colcon_ws/src/sam_bot_description/build/sam_bot_description[0m
[0.473s] [34mcolcon.colcon_core.environment[0m [1;30mLevel 1[0m create_environment_scripts_only(sam_bot_description)
[0.474s] [34mcolcon.colcon_core.event_handler.log_command[0m [1;30mDEBUG[0m [32mInvoked command in '/home/sam/colcon_ws/src/sam_bot_description/build/sam_bot_description' returned '0': CMAKE_PREFIX_PATH=${CMAKE_PREFIX_PATH}:/opt/ros/humble /usr/bin/cmake --install /home/sam/colcon_ws/src/sam_bot_description/build/sam_bot_description[0m
[0.478s] [34mcolcon.colcon_core.environment[0m [1;30mLevel 1[0m checking '/home/sam/colcon_ws/src/sam_bot_description/install/sam_bot_description' for CMake module files
[0.478s] [34mcolcon.colcon_core.environment[0m [1;30mLevel 1[0m checking '/home/sam/colcon_ws/src/sam_bot_description/install/sam_bot_description' for CMake config files
[0.479s] [34mcolcon.colcon_core.shell[0m [1;30mLevel 1[0m create_environment_hook('sam_bot_description', 'cmake_prefix_path')
[0.479s] [34mcolcon.colcon_core.shell[0m [1;30mINFO[0m Creating environment hook '/home/sam/colcon_ws/src/sam_bot_description/install/sam_bot_description/share/sam_bot_description/hook/cmake_prefix_path.ps1'
[0.480s] [34mcolcon.colcon_core.shell[0m [1;30mINFO[0m Creating environment descriptor '/home/sam/colcon_ws/src/sam_bot_description/install/sam_bot_description/share/sam_bot_description/hook/cmake_prefix_path.dsv'
[0.480s] [34mcolcon.colcon_core.shell[0m [1;30mINFO[0m Creating environment hook '/home/sam/colcon_ws/src/sam_bot_description/install/sam_bot_description/share/sam_bot_description/hook/cmake_prefix_path.sh'
[0.482s] [34mcolcon.colcon_core.environment[0m [1;30mLevel 1[0m checking '/home/sam/colcon_ws/src/sam_bot_description/install/sam_bot_description/bin'
[0.482s] [34mcolcon.colcon_core.environment[0m [1;30mLevel 1[0m checking '/home/sam/colcon_ws/src/sam_bot_description/install/sam_bot_description/lib/pkgconfig/sam_bot_description.pc'
[0.482s] [34mcolcon.colcon_core.environment[0m [1;30mLevel 1[0m checking '/home/sam/colcon_ws/src/sam_bot_description/install/sam_bot_description/lib/python3.10/site-packages'
[0.482s] [34mcolcon.colcon_core.environment[0m [1;30mLevel 1[0m checking '/home/sam/colcon_ws/src/sam_bot_description/install/sam_bot_description/bin'
[0.483s] [34mcolcon.colcon_core.shell[0m [1;30mINFO[0m Creating package script '/home/sam/colcon_ws/src/sam_bot_description/install/sam_bot_description/share/sam_bot_description/package.ps1'
[0.484s] [34mcolcon.colcon_core.shell[0m [1;30mINFO[0m Creating package descriptor '/home/sam/colcon_ws/src/sam_bot_description/install/sam_bot_description/share/sam_bot_description/package.dsv'
[0.484s] [34mcolcon.colcon_core.shell[0m [1;30mINFO[0m Creating package script '/home/sam/colcon_ws/src/sam_bot_description/install/sam_bot_description/share/sam_bot_description/package.sh'
[0.485s] [34mcolcon.colcon_core.shell[0m [1;30mINFO[0m Creating package script '/home/sam/colcon_ws/src/sam_bot_description/install/sam_bot_description/share/sam_bot_description/package.bash'
[0.486s] [34mcolcon.colcon_core.shell[0m [1;30mINFO[0m Creating package script '/home/sam/colcon_ws/src/sam_bot_description/install/sam_bot_description/share/sam_bot_description/package.zsh'
[0.487s] [34mcolcon.colcon_core.environment[0m [1;30mLevel 1[0m create_file_with_runtime_dependencies(/home/sam/colcon_ws/src/sam_bot_description/install/sam_bot_description/share/colcon-core/packages/sam_bot_description)
[0.487s] [34mcolcon.colcon_core.environment[0m [1;30mLevel 1[0m create_environment_scripts_only(sam_bot_description)
[0.487s] [34mcolcon.colcon_core.environment[0m [1;30mLevel 1[0m checking '/home/sam/colcon_ws/src/sam_bot_description/install/sam_bot_description' for CMake module files
[0.488s] [34mcolcon.colcon_core.environment[0m [1;30mLevel 1[0m checking '/home/sam/colcon_ws/src/sam_bot_description/install/sam_bot_description' for CMake config files
[0.488s] [34mcolcon.colcon_core.shell[0m [1;30mLevel 1[0m create_environment_hook('sam_bot_description', 'cmake_prefix_path')
[0.488s] [34mcolcon.colcon_core.shell[0m [1;30mINFO[0m Creating environment hook '/home/sam/colcon_ws/src/sam_bot_description/install/sam_bot_description/share/sam_bot_description/hook/cmake_prefix_path.ps1'
[0.488s] [34mcolcon.colcon_core.shell[0m [1;30mINFO[0m Creating environment descriptor '/home/sam/colcon_ws/src/sam_bot_description/install/sam_bot_description/share/sam_bot_description/hook/cmake_prefix_path.dsv'
[0.489s] [34mcolcon.colcon_core.shell[0m [1;30mINFO[0m Creating environment hook '/home/sam/colcon_ws/src/sam_bot_description/install/sam_bot_description/share/sam_bot_description/hook/cmake_prefix_path.sh'
[0.489s] [34mcolcon.colcon_core.environment[0m [1;30mLevel 1[0m checking '/home/sam/colcon_ws/src/sam_bot_description/install/sam_bot_description/bin'
[0.489s] [34mcolcon.colcon_core.environment[0m [1;30mLevel 1[0m checking '/home/sam/colcon_ws/src/sam_bot_description/install/sam_bot_description/lib/pkgconfig/sam_bot_description.pc'
[0.489s] [34mcolcon.colcon_core.environment[0m [1;30mLevel 1[0m checking '/home/sam/colcon_ws/src/sam_bot_description/install/sam_bot_description/lib/python3.10/site-packages'
[0.489s] [34mcolcon.colcon_core.environment[0m [1;30mLevel 1[0m checking '/home/sam/colcon_ws/src/sam_bot_description/install/sam_bot_description/bin'
[0.490s] [34mcolcon.colcon_core.shell[0m [1;30mINFO[0m Creating package script '/home/sam/colcon_ws/src/sam_bot_description/install/sam_bot_description/share/sam_bot_description/package.ps1'
[0.490s] [34mcolcon.colcon_core.shell[0m [1;30mINFO[0m Creating package descriptor '/home/sam/colcon_ws/src/sam_bot_description/install/sam_bot_description/share/sam_bot_description/package.dsv'
[0.490s] [34mcolcon.colcon_core.shell[0m [1;30mINFO[0m Creating package script '/home/sam/colcon_ws/src/sam_bot_description/install/sam_bot_description/share/sam_bot_description/package.sh'
[0.490s] [34mcolcon.colcon_core.shell[0m [1;30mINFO[0m Creating package script '/home/sam/colcon_ws/src/sam_bot_description/install/sam_bot_description/share/sam_bot_description/package.bash'
[0.491s] [34mcolcon.colcon_core.shell[0m [1;30mINFO[0m Creating package script '/home/sam/colcon_ws/src/sam_bot_description/install/sam_bot_description/share/sam_bot_description/package.zsh'
[0.491s] [34mcolcon.colcon_core.environment[0m [1;30mLevel 1[0m create_file_with_runtime_dependencies(/home/sam/colcon_ws/src/sam_bot_description/install/sam_bot_description/share/colcon-core/packages/sam_bot_description)
[0.491s] [34mcolcon.colcon_parallel_executor.executor.parallel[0m [1;30mDEBUG[0m [32mclosing loop[0m
[0.491s] [34mcolcon.colcon_parallel_executor.executor.parallel[0m [1;30mDEBUG[0m [32mloop closed[0m
[0.491s] [34mcolcon.colcon_parallel_executor.executor.parallel[0m [1;30mDEBUG[0m [32mrun_until_complete finished with '0'[0m
[0.491s] [34mcolcon.colcon_core.event_reactor[0m [1;30mDEBUG[0m [32mjoining thread[0m
[0.494s] [34mcolcon.colcon_core.plugin_system[0m [1;30mINFO[0m Skipping extension 'colcon_notification.desktop_notification.terminal_notifier': Not used on non-Darwin systems
[0.494s] [34mcolcon.colcon_core.plugin_system[0m [1;30mINFO[0m Skipping extension 'colcon_notification.desktop_notification.win32': Not used on non-Windows systems
[0.494s] [34mcolcon.colcon_notification.desktop_notification[0m [1;30mINFO[0m Sending desktop notification using 'notify2'
[0.513s] [34mcolcon.colcon_core.event_reactor[0m [1;30mDEBUG[0m [32mjoined thread[0m
[0.514s] [34mcolcon.colcon_core.shell[0m [1;30mINFO[0m Creating prefix script '/home/sam/colcon_ws/src/sam_bot_description/install/local_setup.ps1'
[0.515s] [34mcolcon.colcon_core.shell[0m [1;30mINFO[0m Creating prefix util module '/home/sam/colcon_ws/src/sam_bot_description/install/_local_setup_util_ps1.py'
[0.518s] [34mcolcon.colcon_core.shell[0m [1;30mINFO[0m Creating prefix chain script '/home/sam/colcon_ws/src/sam_bot_description/install/setup.ps1'
[0.519s] [34mcolcon.colcon_core.shell[0m [1;30mINFO[0m Creating prefix script '/home/sam/colcon_ws/src/sam_bot_description/install/local_setup.sh'
[0.520s] [34mcolcon.colcon_core.shell[0m [1;30mINFO[0m Creating prefix util module '/home/sam/colcon_ws/src/sam_bot_description/install/_local_setup_util_sh.py'
[0.521s] [34mcolcon.colcon_core.shell[0m [1;30mINFO[0m Creating prefix chain script '/home/sam/colcon_ws/src/sam_bot_description/install/setup.sh'
[0.522s] [34mcolcon.colcon_core.shell[0m [1;30mINFO[0m Creating prefix script '/home/sam/colcon_ws/src/sam_bot_description/install/local_setup.bash'
[0.523s] [34mcolcon.colcon_core.shell[0m [1;30mINFO[0m Creating prefix chain script '/home/sam/colcon_ws/src/sam_bot_description/install/setup.bash'
[0.524s] [34mcolcon.colcon_core.shell[0m [1;30mINFO[0m Creating prefix script '/home/sam/colcon_ws/src/sam_bot_description/install/local_setup.zsh'
[0.524s] [34mcolcon.colcon_core.shell[0m [1;30mINFO[0m Creating prefix chain script '/home/sam/colcon_ws/src/sam_bot_description/install/setup.zsh'
