[0.097s] [34mcolcon[0m [1;30mDEBUG[0m [32mCommand line arguments: ['/usr/bin/colcon', 'build'][0m
[0.097s] [34mcolcon[0m [1;30mDEBUG[0m [32mParsed command line arguments: Namespace(log_base=None, log_level=None, verb_name='build', build_base='build', install_base='install', merge_install=False, symlink_install=False, test_result_base=None, continue_on_error=False, executor='parallel', parallel_workers=20, event_handlers=None, ignore_user_meta=False, metas=['./colcon.meta'], base_paths=['.'], packages_ignore=None, packages_ignore_regex=None, paths=None, packages_up_to=None, packages_up_to_regex=None, packages_above=None, packages_above_and_dependencies=None, packages_above_depth=None, packages_select_by_dep=None, packages_skip_by_dep=None, packages_skip_up_to=None, packages_select_build_failed=False, packages_skip_build_finished=False, packages_select_test_failures=False, packages_skip_test_passed=False, packages_select=None, packages_skip=None, packages_select_regex=None, packages_skip_regex=None, packages_start=None, packages_end=None, allow_overriding=[], cmake_args=None, cmake_target=None, cmake_target_skip_unavailable=False, cmake_clean_cache=False, cmake_clean_first=False, cmake_force_configure=False, ament_cmake_args=None, catkin_cmake_args=None, catkin_skip_building_tests=False, verb_parser=<colcon_defaults.argument_parser.defaults.DefaultArgumentsDecorator object at 0x7b968baeb220>, verb_extension=<colcon_core.verb.build.BuildVerb object at 0x7b968baeacb0>, main=<bound method BuildVerb.main of <colcon_core.verb.build.BuildVerb object at 0x7b968baeacb0>>)[0m
[0.117s] [34mcolcon.colcon_core.package_discovery[0m [1;30mLevel 1[0m discover_packages(colcon_meta) check parameters
[0.117s] [34mcolcon.colcon_core.package_discovery[0m [1;30mLevel 1[0m discover_packages(recursive) check parameters
[0.117s] [34mcolcon.colcon_core.package_discovery[0m [1;30mLevel 1[0m discover_packages(ignore) check parameters
[0.117s] [34mcolcon.colcon_core.package_discovery[0m [1;30mLevel 1[0m discover_packages(path) check parameters
[0.117s] [34mcolcon.colcon_core.package_discovery[0m [1;30mLevel 1[0m discover_packages(colcon_meta) discover
[0.117s] [34mcolcon.colcon_core.package_discovery[0m [1;30mLevel 1[0m discover_packages(recursive) discover
[0.117s] [34mcolcon.colcon_core.package_discovery[0m [1;30mINFO[0m Crawling recursively for packages in '/home/sam/colcon_ws'
[0.117s] [34mcolcon.colcon_core.package_identification[0m [1;30mLevel 1[0m _identify(.) by extensions ['ignore', 'ignore_ament_install']
[0.117s] [34mcolcon.colcon_core.package_identification[0m [1;30mLevel 1[0m _identify(.) by extension 'ignore'
[0.117s] [34mcolcon.colcon_core.package_identification[0m [1;30mLevel 1[0m _identify(.) by extension 'ignore_ament_install'
[0.117s] [34mcolcon.colcon_core.package_identification[0m [1;30mLevel 1[0m _identify(.) by extensions ['colcon_pkg']
[0.117s] [34mcolcon.colcon_core.package_identification[0m [1;30mLevel 1[0m _identify(.) by extension 'colcon_pkg'
[0.117s] [34mcolcon.colcon_core.package_identification[0m [1;30mLevel 1[0m _identify(.) by extensions ['colcon_meta']
[0.117s] [34mcolcon.colcon_core.package_identification[0m [1;30mLevel 1[0m _identify(.) by extension 'colcon_meta'
[0.117s] [34mcolcon.colcon_core.package_identification[0m [1;30mLevel 1[0m _identify(.) by extensions ['ros']
[0.117s] [34mcolcon.colcon_core.package_identification[0m [1;30mLevel 1[0m _identify(.) by extension 'ros'
[0.129s] [34mcolcon.colcon_core.package_identification[0m [1;30mLevel 1[0m _identify(.) by extensions ['cmake', 'python']
[0.129s] [34mcolcon.colcon_core.package_identification[0m [1;30mLevel 1[0m _identify(.) by extension 'cmake'
[0.129s] [34mcolcon.colcon_core.package_identification[0m [1;30mLevel 1[0m _identify(.) by extension 'python'
[0.129s] [34mcolcon.colcon_core.package_identification[0m [1;30mLevel 1[0m _identify(.) by extensions ['python_setup_py']
[0.129s] [34mcolcon.colcon_core.package_identification[0m [1;30mLevel 1[0m _identify(.) by extension 'python_setup_py'
[0.129s] [34mcolcon.colcon_core.package_identification[0m [1;30mLevel 1[0m _identify(build) by extensions ['ignore', 'ignore_ament_install']
[0.130s] [34mcolcon.colcon_core.package_identification[0m [1;30mLevel 1[0m _identify(build) by extension 'ignore'
[0.130s] [34mcolcon.colcon_core.package_identification[0m [1;30mLevel 1[0m _identify(build) ignored
[0.130s] [34mcolcon.colcon_core.package_identification[0m [1;30mLevel 1[0m _identify(install) by extensions ['ignore', 'ignore_ament_install']
[0.130s] [34mcolcon.colcon_core.package_identification[0m [1;30mLevel 1[0m _identify(install) by extension 'ignore'
[0.130s] [34mcolcon.colcon_core.package_identification[0m [1;30mLevel 1[0m _identify(install) ignored
[0.130s] [34mcolcon.colcon_core.package_identification[0m [1;30mLevel 1[0m _identify(log) by extensions ['ignore', 'ignore_ament_install']
[0.130s] [34mcolcon.colcon_core.package_identification[0m [1;30mLevel 1[0m _identify(log) by extension 'ignore'
[0.130s] [34mcolcon.colcon_core.package_identification[0m [1;30mLevel 1[0m _identify(log) ignored
[0.130s] [34mcolcon.colcon_core.package_identification[0m [1;30mLevel 1[0m _identify(src) by extensions ['ignore', 'ignore_ament_install']
[0.130s] [34mcolcon.colcon_core.package_identification[0m [1;30mLevel 1[0m _identify(src) by extension 'ignore'
[0.130s] [34mcolcon.colcon_core.package_identification[0m [1;30mLevel 1[0m _identify(src) by extension 'ignore_ament_install'
[0.130s] [34mcolcon.colcon_core.package_identification[0m [1;30mLevel 1[0m _identify(src) by extensions ['colcon_pkg']
[0.130s] [34mcolcon.colcon_core.package_identification[0m [1;30mLevel 1[0m _identify(src) by extension 'colcon_pkg'
[0.130s] [34mcolcon.colcon_core.package_identification[0m [1;30mLevel 1[0m _identify(src) by extensions ['colcon_meta']
[0.130s] [34mcolcon.colcon_core.package_identification[0m [1;30mLevel 1[0m _identify(src) by extension 'colcon_meta'
[0.130s] [34mcolcon.colcon_core.package_identification[0m [1;30mLevel 1[0m _identify(src) by extensions ['ros']
[0.130s] [34mcolcon.colcon_core.package_identification[0m [1;30mLevel 1[0m _identify(src) by extension 'ros'
[0.130s] [34mcolcon.colcon_core.package_identification[0m [1;30mLevel 1[0m _identify(src) by extensions ['cmake', 'python']
[0.130s] [34mcolcon.colcon_core.package_identification[0m [1;30mLevel 1[0m _identify(src) by extension 'cmake'
[0.130s] [34mcolcon.colcon_core.package_identification[0m [1;30mLevel 1[0m _identify(src) by extension 'python'
[0.130s] [34mcolcon.colcon_core.package_identification[0m [1;30mLevel 1[0m _identify(src) by extensions ['python_setup_py']
[0.130s] [34mcolcon.colcon_core.package_identification[0m [1;30mLevel 1[0m _identify(src) by extension 'python_setup_py'
[0.130s] [34mcolcon.colcon_core.package_identification[0m [1;30mLevel 1[0m _identify(src/build) by extensions ['ignore', 'ignore_ament_install']
[0.130s] [34mcolcon.colcon_core.package_identification[0m [1;30mLevel 1[0m _identify(src/build) by extension 'ignore'
[0.130s] [34mcolcon.colcon_core.package_identification[0m [1;30mLevel 1[0m _identify(src/build) ignored
[0.130s] [34mcolcon.colcon_core.package_identification[0m [1;30mLevel 1[0m _identify(src/install) by extensions ['ignore', 'ignore_ament_install']
[0.130s] [34mcolcon.colcon_core.package_identification[0m [1;30mLevel 1[0m _identify(src/install) by extension 'ignore'
[0.130s] [34mcolcon.colcon_core.package_identification[0m [1;30mLevel 1[0m _identify(src/install) ignored
[0.130s] [34mcolcon.colcon_core.package_identification[0m [1;30mLevel 1[0m _identify(src/log) by extensions ['ignore', 'ignore_ament_install']
[0.130s] [34mcolcon.colcon_core.package_identification[0m [1;30mLevel 1[0m _identify(src/log) by extension 'ignore'
[0.130s] [34mcolcon.colcon_core.package_identification[0m [1;30mLevel 1[0m _identify(src/log) ignored
[0.130s] [34mcolcon.colcon_core.package_identification[0m [1;30mLevel 1[0m _identify(src/nav2_tb3_autonomy) by extensions ['ignore', 'ignore_ament_install']
[0.130s] [34mcolcon.colcon_core.package_identification[0m [1;30mLevel 1[0m _identify(src/nav2_tb3_autonomy) by extension 'ignore'
[0.130s] [34mcolcon.colcon_core.package_identification[0m [1;30mLevel 1[0m _identify(src/nav2_tb3_autonomy) by extension 'ignore_ament_install'
[0.130s] [34mcolcon.colcon_core.package_identification[0m [1;30mLevel 1[0m _identify(src/nav2_tb3_autonomy) by extensions ['colcon_pkg']
[0.130s] [34mcolcon.colcon_core.package_identification[0m [1;30mLevel 1[0m _identify(src/nav2_tb3_autonomy) by extension 'colcon_pkg'
[0.130s] [34mcolcon.colcon_core.package_identification[0m [1;30mLevel 1[0m _identify(src/nav2_tb3_autonomy) by extensions ['colcon_meta']
[0.130s] [34mcolcon.colcon_core.package_identification[0m [1;30mLevel 1[0m _identify(src/nav2_tb3_autonomy) by extension 'colcon_meta'
[0.130s] [34mcolcon.colcon_core.package_identification[0m [1;30mLevel 1[0m _identify(src/nav2_tb3_autonomy) by extensions ['ros']
[0.130s] [34mcolcon.colcon_core.package_identification[0m [1;30mLevel 1[0m _identify(src/nav2_tb3_autonomy) by extension 'ros'
[0.132s] [34mcolcon.colcon_core.package_identification[0m [1;30mDEBUG[0m [32mPackage 'src/nav2_tb3_autonomy' with type 'ros.ament_cmake' and name 'nav2_tb3_autonomy'[0m
[0.132s] [34mcolcon.colcon_core.package_identification[0m [1;30mLevel 1[0m _identify(src/sam_bot_description) by extensions ['ignore', 'ignore_ament_install']
[0.132s] [34mcolcon.colcon_core.package_identification[0m [1;30mLevel 1[0m _identify(src/sam_bot_description) by extension 'ignore'
[0.132s] [34mcolcon.colcon_core.package_identification[0m [1;30mLevel 1[0m _identify(src/sam_bot_description) by extension 'ignore_ament_install'
[0.132s] [34mcolcon.colcon_core.package_identification[0m [1;30mLevel 1[0m _identify(src/sam_bot_description) by extensions ['colcon_pkg']
[0.132s] [34mcolcon.colcon_core.package_identification[0m [1;30mLevel 1[0m _identify(src/sam_bot_description) by extension 'colcon_pkg'
[0.132s] [34mcolcon.colcon_core.package_identification[0m [1;30mLevel 1[0m _identify(src/sam_bot_description) by extensions ['colcon_meta']
[0.132s] [34mcolcon.colcon_core.package_identification[0m [1;30mLevel 1[0m _identify(src/sam_bot_description) by extension 'colcon_meta'
[0.133s] [34mcolcon.colcon_core.package_identification[0m [1;30mLevel 1[0m _identify(src/sam_bot_description) by extensions ['ros']
[0.133s] [34mcolcon.colcon_core.package_identification[0m [1;30mLevel 1[0m _identify(src/sam_bot_description) by extension 'ros'
[0.133s] [34mcolcon.colcon_core.package_identification[0m [1;30mDEBUG[0m [32mPackage 'src/sam_bot_description' with type 'ros.ament_cmake' and name 'sam_bot_description'[0m
[0.133s] [34mcolcon.colcon_core.package_discovery[0m [1;30mLevel 1[0m discover_packages(recursive) using defaults
[0.133s] [34mcolcon.colcon_core.package_discovery[0m [1;30mLevel 1[0m discover_packages(ignore) discover
[0.133s] [34mcolcon.colcon_core.package_discovery[0m [1;30mLevel 1[0m discover_packages(ignore) using defaults
[0.133s] [34mcolcon.colcon_core.package_discovery[0m [1;30mLevel 1[0m discover_packages(path) discover
[0.133s] [34mcolcon.colcon_core.package_discovery[0m [1;30mLevel 1[0m discover_packages(path) using defaults
[0.140s] [34mcolcon.colcon_core.package_discovery[0m [1;30mLevel 1[0m discover_packages(prefix_path) check parameters
[0.140s] [34mcolcon.colcon_core.package_discovery[0m [1;30mLevel 1[0m discover_packages(prefix_path) discover
[0.141s] [34mcolcon.colcon_ros.prefix_path.ament[0m [1;30mWARNING[0m [33mThe path '/home/sam/colcon_ws/install/sam_bot_description' in the environment variable AMENT_PREFIX_PATH doesn't exist[0m
[0.141s] [34mcolcon.colcon_ros.prefix_path.ament[0m [1;30mWARNING[0m [33mThe path '/home/sam/colcon_ws/install/nav2_tb3_autonomy' in the environment variable AMENT_PREFIX_PATH doesn't exist[0m
[0.141s] [34mcolcon.colcon_ros.prefix_path.catkin[0m [1;30mWARNING[0m [33mThe path '/home/sam/colcon_ws/install/sam_bot_description' in the environment variable CMAKE_PREFIX_PATH doesn't exist[0m
[0.141s] [34mcolcon.colcon_ros.prefix_path.catkin[0m [1;30mWARNING[0m [33mThe path '/home/sam/colcon_ws/install/nav2_tb3_autonomy' in the environment variable CMAKE_PREFIX_PATH doesn't exist[0m
[0.141s] [34mcolcon.colcon_installed_package_information.package_discovery[0m [1;30mDEBUG[0m [32mFound 0 installed packages in /home/sam/colcon_ws/install[0m
[0.142s] [34mcolcon.colcon_installed_package_information.package_discovery[0m [1;30mDEBUG[0m [32mFound 2 installed packages in /home/sam/ldlidar_ros2_ws/install[0m
[0.142s] [34mcolcon.colcon_installed_package_information.package_discovery[0m [1;30mDEBUG[0m [32mFound 3 installed packages in /home/sam/ws/install[0m
[0.142s] [34mcolcon.colcon_installed_package_information.package_discovery[0m [1;30mDEBUG[0m [32mFound 1 installed packages in /home/sam/colcon_ws/src/sam_bot_description/install[0m
[0.143s] [34mcolcon.colcon_installed_package_information.package_discovery[0m [1;30mDEBUG[0m [32mFound 372 installed packages in /opt/ros/humble[0m
[0.143s] [34mcolcon.colcon_core.package_discovery[0m [1;30mLevel 1[0m discover_packages(prefix_path) using defaults
[0.167s] [34mcolcon.colcon_core.verb[0m [1;30mLevel 5[0m set package 'nav2_tb3_autonomy' build argument 'cmake_args' from command line to 'None'
[0.167s] [34mcolcon.colcon_core.verb[0m [1;30mLevel 5[0m set package 'nav2_tb3_autonomy' build argument 'cmake_target' from command line to 'None'
[0.167s] [34mcolcon.colcon_core.verb[0m [1;30mLevel 5[0m set package 'nav2_tb3_autonomy' build argument 'cmake_target_skip_unavailable' from command line to 'False'
[0.167s] [34mcolcon.colcon_core.verb[0m [1;30mLevel 5[0m set package 'nav2_tb3_autonomy' build argument 'cmake_clean_cache' from command line to 'False'
[0.167s] [34mcolcon.colcon_core.verb[0m [1;30mLevel 5[0m set package 'nav2_tb3_autonomy' build argument 'cmake_clean_first' from command line to 'False'
[0.167s] [34mcolcon.colcon_core.verb[0m [1;30mLevel 5[0m set package 'nav2_tb3_autonomy' build argument 'cmake_force_configure' from command line to 'False'
[0.167s] [34mcolcon.colcon_core.verb[0m [1;30mLevel 5[0m set package 'nav2_tb3_autonomy' build argument 'ament_cmake_args' from command line to 'None'
[0.167s] [34mcolcon.colcon_core.verb[0m [1;30mLevel 5[0m set package 'nav2_tb3_autonomy' build argument 'catkin_cmake_args' from command line to 'None'
[0.167s] [34mcolcon.colcon_core.verb[0m [1;30mLevel 5[0m set package 'nav2_tb3_autonomy' build argument 'catkin_skip_building_tests' from command line to 'False'
[0.168s] [34mcolcon.colcon_core.verb[0m [1;30mDEBUG[0m [32mBuilding package 'nav2_tb3_autonomy' with the following arguments: {'ament_cmake_args': None, 'build_base': '/home/sam/colcon_ws/build/nav2_tb3_autonomy', 'catkin_cmake_args': None, 'catkin_skip_building_tests': False, 'cmake_args': None, 'cmake_clean_cache': False, 'cmake_clean_first': False, 'cmake_force_configure': False, 'cmake_target': None, 'cmake_target_skip_unavailable': False, 'install_base': '/home/sam/colcon_ws/install/nav2_tb3_autonomy', 'merge_install': False, 'path': '/home/sam/colcon_ws/src/nav2_tb3_autonomy', 'symlink_install': False, 'test_result_base': None}[0m
[0.168s] [34mcolcon.colcon_core.verb[0m [1;30mLevel 5[0m set package 'sam_bot_description' build argument 'cmake_args' from command line to 'None'
[0.168s] [34mcolcon.colcon_core.verb[0m [1;30mLevel 5[0m set package 'sam_bot_description' build argument 'cmake_target' from command line to 'None'
[0.168s] [34mcolcon.colcon_core.verb[0m [1;30mLevel 5[0m set package 'sam_bot_description' build argument 'cmake_target_skip_unavailable' from command line to 'False'
[0.168s] [34mcolcon.colcon_core.verb[0m [1;30mLevel 5[0m set package 'sam_bot_description' build argument 'cmake_clean_cache' from command line to 'False'
[0.168s] [34mcolcon.colcon_core.verb[0m [1;30mLevel 5[0m set package 'sam_bot_description' build argument 'cmake_clean_first' from command line to 'False'
[0.168s] [34mcolcon.colcon_core.verb[0m [1;30mLevel 5[0m set package 'sam_bot_description' build argument 'cmake_force_configure' from command line to 'False'
[0.168s] [34mcolcon.colcon_core.verb[0m [1;30mLevel 5[0m set package 'sam_bot_description' build argument 'ament_cmake_args' from command line to 'None'
[0.168s] [34mcolcon.colcon_core.verb[0m [1;30mLevel 5[0m set package 'sam_bot_description' build argument 'catkin_cmake_args' from command line to 'None'
[0.168s] [34mcolcon.colcon_core.verb[0m [1;30mLevel 5[0m set package 'sam_bot_description' build argument 'catkin_skip_building_tests' from command line to 'False'
[0.168s] [34mcolcon.colcon_core.verb[0m [1;30mDEBUG[0m [32mBuilding package 'sam_bot_description' with the following arguments: {'ament_cmake_args': None, 'build_base': '/home/sam/colcon_ws/build/sam_bot_description', 'catkin_cmake_args': None, 'catkin_skip_building_tests': False, 'cmake_args': None, 'cmake_clean_cache': False, 'cmake_clean_first': False, 'cmake_force_configure': False, 'cmake_target': None, 'cmake_target_skip_unavailable': False, 'install_base': '/home/sam/colcon_ws/install/sam_bot_description', 'merge_install': False, 'path': '/home/sam/colcon_ws/src/sam_bot_description', 'symlink_install': False, 'test_result_base': None}[0m
[0.168s] [34mcolcon.colcon_core.executor[0m [1;30mINFO[0m Executing jobs using 'parallel' executor
[0.169s] [34mcolcon.colcon_parallel_executor.executor.parallel[0m [1;30mDEBUG[0m [32mrun_until_complete[0m
[0.169s] [34mcolcon.colcon_ros.task.ament_cmake.build[0m [1;30mINFO[0m Building ROS package in '/home/sam/colcon_ws/src/nav2_tb3_autonomy' with build type 'ament_cmake'
[0.169s] [34mcolcon.colcon_cmake.task.cmake.build[0m [1;30mINFO[0m Building CMake package in '/home/sam/colcon_ws/src/nav2_tb3_autonomy'
[0.170s] [34mcolcon.colcon_core.plugin_system[0m [1;30mINFO[0m Skipping extension 'colcon_core.shell.bat': Not used on non-Windows systems
[0.170s] [34mcolcon.colcon_core.shell[0m [1;30mINFO[0m Skip shell extension 'powershell' for command environment: Not usable outside of PowerShell
[0.170s] [34mcolcon.colcon_core.shell[0m [1;30mDEBUG[0m [32mSkip shell extension 'dsv' for command environment[0m
[0.172s] [34mcolcon.colcon_ros.task.ament_cmake.build[0m [1;30mINFO[0m Building ROS package in '/home/sam/colcon_ws/src/sam_bot_description' with build type 'ament_cmake'
[0.172s] [34mcolcon.colcon_cmake.task.cmake.build[0m [1;30mINFO[0m Building CMake package in '/home/sam/colcon_ws/src/sam_bot_description'
[0.172s] [34mcolcon.colcon_core.shell[0m [1;30mINFO[0m Skip shell extension 'powershell' for command environment: Not usable outside of PowerShell
[0.172s] [34mcolcon.colcon_core.shell[0m [1;30mDEBUG[0m [32mSkip shell extension 'dsv' for command environment[0m
[0.177s] [34mcolcon.colcon_core.event_handler.log_command[0m [1;30mDEBUG[0m [32mInvoking command in '/home/sam/colcon_ws/build/nav2_tb3_autonomy': CMAKE_PREFIX_PATH=${CMAKE_PREFIX_PATH}:/opt/ros/humble /usr/bin/cmake /home/sam/colcon_ws/src/nav2_tb3_autonomy -DCMAKE_INSTALL_PREFIX=/home/sam/colcon_ws/install/nav2_tb3_autonomy[0m
[0.178s] [34mcolcon.colcon_core.event_handler.log_command[0m [1;30mDEBUG[0m [32mInvoking command in '/home/sam/colcon_ws/build/sam_bot_description': CMAKE_PREFIX_PATH=${CMAKE_PREFIX_PATH}:/opt/ros/humble /usr/bin/cmake /home/sam/colcon_ws/src/sam_bot_description -DCMAKE_INSTALL_PREFIX=/home/sam/colcon_ws/install/sam_bot_description[0m
[1.581s] [34mcolcon.colcon_core.event_handler.log_command[0m [1;30mDEBUG[0m [32mInvoked command in '/home/sam/colcon_ws/build/sam_bot_description' returned '0': CMAKE_PREFIX_PATH=${CMAKE_PREFIX_PATH}:/opt/ros/humble /usr/bin/cmake /home/sam/colcon_ws/src/sam_bot_description -DCMAKE_INSTALL_PREFIX=/home/sam/colcon_ws/install/sam_bot_description[0m
[1.582s] [34mcolcon.colcon_core.event_handler.log_command[0m [1;30mDEBUG[0m [32mInvoking command in '/home/sam/colcon_ws/build/sam_bot_description': CMAKE_PREFIX_PATH=${CMAKE_PREFIX_PATH}:/opt/ros/humble /usr/bin/cmake --build /home/sam/colcon_ws/build/sam_bot_description -- -j20 -l20[0m
[1.627s] [34mcolcon.colcon_core.event_handler.log_command[0m [1;30mDEBUG[0m [32mInvoked command in '/home/sam/colcon_ws/build/sam_bot_description' returned '0': CMAKE_PREFIX_PATH=${CMAKE_PREFIX_PATH}:/opt/ros/humble /usr/bin/cmake --build /home/sam/colcon_ws/build/sam_bot_description -- -j20 -l20[0m
[1.646s] [34mcolcon.colcon_core.event_handler.log_command[0m [1;30mDEBUG[0m [32mInvoking command in '/home/sam/colcon_ws/build/sam_bot_description': CMAKE_PREFIX_PATH=${CMAKE_PREFIX_PATH}:/opt/ros/humble /usr/bin/cmake --install /home/sam/colcon_ws/build/sam_bot_description[0m
[1.665s] [34mcolcon.colcon_core.environment[0m [1;30mLevel 1[0m create_environment_scripts_only(sam_bot_description)
[1.666s] [34mcolcon.colcon_core.event_handler.log_command[0m [1;30mDEBUG[0m [32mInvoked command in '/home/sam/colcon_ws/build/sam_bot_description' returned '0': CMAKE_PREFIX_PATH=${CMAKE_PREFIX_PATH}:/opt/ros/humble /usr/bin/cmake --install /home/sam/colcon_ws/build/sam_bot_description[0m
[1.670s] [34mcolcon.colcon_core.environment[0m [1;30mLevel 1[0m checking '/home/sam/colcon_ws/install/sam_bot_description' for CMake module files
[1.670s] [34mcolcon.colcon_core.environment[0m [1;30mLevel 1[0m checking '/home/sam/colcon_ws/install/sam_bot_description' for CMake config files
[1.671s] [34mcolcon.colcon_core.shell[0m [1;30mLevel 1[0m create_environment_hook('sam_bot_description', 'cmake_prefix_path')
[1.671s] [34mcolcon.colcon_core.shell[0m [1;30mINFO[0m Creating environment hook '/home/sam/colcon_ws/install/sam_bot_description/share/sam_bot_description/hook/cmake_prefix_path.ps1'
[1.672s] [34mcolcon.colcon_core.shell[0m [1;30mINFO[0m Creating environment descriptor '/home/sam/colcon_ws/install/sam_bot_description/share/sam_bot_description/hook/cmake_prefix_path.dsv'
[1.673s] [34mcolcon.colcon_core.shell[0m [1;30mINFO[0m Creating environment hook '/home/sam/colcon_ws/install/sam_bot_description/share/sam_bot_description/hook/cmake_prefix_path.sh'
[1.674s] [34mcolcon.colcon_core.environment[0m [1;30mLevel 1[0m checking '/home/sam/colcon_ws/install/sam_bot_description/bin'
[1.675s] [34mcolcon.colcon_core.environment[0m [1;30mLevel 1[0m checking '/home/sam/colcon_ws/install/sam_bot_description/lib/pkgconfig/sam_bot_description.pc'
[1.675s] [34mcolcon.colcon_core.environment[0m [1;30mLevel 1[0m checking '/home/sam/colcon_ws/install/sam_bot_description/lib/python3.10/site-packages'
[1.676s] [34mcolcon.colcon_core.environment[0m [1;30mLevel 1[0m checking '/home/sam/colcon_ws/install/sam_bot_description/bin'
[1.676s] [34mcolcon.colcon_core.shell[0m [1;30mINFO[0m Creating package script '/home/sam/colcon_ws/install/sam_bot_description/share/sam_bot_description/package.ps1'
[1.678s] [34mcolcon.colcon_core.shell[0m [1;30mINFO[0m Creating package descriptor '/home/sam/colcon_ws/install/sam_bot_description/share/sam_bot_description/package.dsv'
[1.679s] [34mcolcon.colcon_core.shell[0m [1;30mINFO[0m Creating package script '/home/sam/colcon_ws/install/sam_bot_description/share/sam_bot_description/package.sh'
[1.680s] [34mcolcon.colcon_core.shell[0m [1;30mINFO[0m Creating package script '/home/sam/colcon_ws/install/sam_bot_description/share/sam_bot_description/package.bash'
[1.681s] [34mcolcon.colcon_core.shell[0m [1;30mINFO[0m Creating package script '/home/sam/colcon_ws/install/sam_bot_description/share/sam_bot_description/package.zsh'
[1.682s] [34mcolcon.colcon_core.environment[0m [1;30mLevel 1[0m create_file_with_runtime_dependencies(/home/sam/colcon_ws/install/sam_bot_description/share/colcon-core/packages/sam_bot_description)
[1.682s] [34mcolcon.colcon_core.environment[0m [1;30mLevel 1[0m create_environment_scripts_only(sam_bot_description)
[1.683s] [34mcolcon.colcon_core.environment[0m [1;30mLevel 1[0m checking '/home/sam/colcon_ws/install/sam_bot_description' for CMake module files
[1.683s] [34mcolcon.colcon_core.environment[0m [1;30mLevel 1[0m checking '/home/sam/colcon_ws/install/sam_bot_description' for CMake config files
[1.684s] [34mcolcon.colcon_core.shell[0m [1;30mLevel 1[0m create_environment_hook('sam_bot_description', 'cmake_prefix_path')
[1.684s] [34mcolcon.colcon_core.shell[0m [1;30mINFO[0m Creating environment hook '/home/sam/colcon_ws/install/sam_bot_description/share/sam_bot_description/hook/cmake_prefix_path.ps1'
[1.685s] [34mcolcon.colcon_core.shell[0m [1;30mINFO[0m Creating environment descriptor '/home/sam/colcon_ws/install/sam_bot_description/share/sam_bot_description/hook/cmake_prefix_path.dsv'
[1.685s] [34mcolcon.colcon_core.shell[0m [1;30mINFO[0m Creating environment hook '/home/sam/colcon_ws/install/sam_bot_description/share/sam_bot_description/hook/cmake_prefix_path.sh'
[1.686s] [34mcolcon.colcon_core.environment[0m [1;30mLevel 1[0m checking '/home/sam/colcon_ws/install/sam_bot_description/bin'
[1.686s] [34mcolcon.colcon_core.environment[0m [1;30mLevel 1[0m checking '/home/sam/colcon_ws/install/sam_bot_description/lib/pkgconfig/sam_bot_description.pc'
[1.686s] [34mcolcon.colcon_core.environment[0m [1;30mLevel 1[0m checking '/home/sam/colcon_ws/install/sam_bot_description/lib/python3.10/site-packages'
[1.687s] [34mcolcon.colcon_core.environment[0m [1;30mLevel 1[0m checking '/home/sam/colcon_ws/install/sam_bot_description/bin'
[1.687s] [34mcolcon.colcon_core.shell[0m [1;30mINFO[0m Creating package script '/home/sam/colcon_ws/install/sam_bot_description/share/sam_bot_description/package.ps1'
[1.688s] [34mcolcon.colcon_core.shell[0m [1;30mINFO[0m Creating package descriptor '/home/sam/colcon_ws/install/sam_bot_description/share/sam_bot_description/package.dsv'
[1.689s] [34mcolcon.colcon_core.shell[0m [1;30mINFO[0m Creating package script '/home/sam/colcon_ws/install/sam_bot_description/share/sam_bot_description/package.sh'
[1.689s] [34mcolcon.colcon_core.shell[0m [1;30mINFO[0m Creating package script '/home/sam/colcon_ws/install/sam_bot_description/share/sam_bot_description/package.bash'
[1.690s] [34mcolcon.colcon_core.shell[0m [1;30mINFO[0m Creating package script '/home/sam/colcon_ws/install/sam_bot_description/share/sam_bot_description/package.zsh'
[1.690s] [34mcolcon.colcon_core.environment[0m [1;30mLevel 1[0m create_file_with_runtime_dependencies(/home/sam/colcon_ws/install/sam_bot_description/share/colcon-core/packages/sam_bot_description)
[2.209s] [34mcolcon.colcon_core.event_handler.log_command[0m [1;30mDEBUG[0m [32mInvoked command in '/home/sam/colcon_ws/build/nav2_tb3_autonomy' returned '0': CMAKE_PREFIX_PATH=${CMAKE_PREFIX_PATH}:/opt/ros/humble /usr/bin/cmake /home/sam/colcon_ws/src/nav2_tb3_autonomy -DCMAKE_INSTALL_PREFIX=/home/sam/colcon_ws/install/nav2_tb3_autonomy[0m
[2.210s] [34mcolcon.colcon_core.event_handler.log_command[0m [1;30mDEBUG[0m [32mInvoking command in '/home/sam/colcon_ws/build/nav2_tb3_autonomy': CMAKE_PREFIX_PATH=${CMAKE_PREFIX_PATH}:/opt/ros/humble /usr/bin/cmake --build /home/sam/colcon_ws/build/nav2_tb3_autonomy -- -j20 -l20[0m
[5.076s] [34mcolcon.colcon_core.event_handler.log_command[0m [1;30mDEBUG[0m [32mInvoked command in '/home/sam/colcon_ws/build/nav2_tb3_autonomy' returned '0': CMAKE_PREFIX_PATH=${CMAKE_PREFIX_PATH}:/opt/ros/humble /usr/bin/cmake --build /home/sam/colcon_ws/build/nav2_tb3_autonomy -- -j20 -l20[0m
[5.077s] [34mcolcon.colcon_core.event_handler.log_command[0m [1;30mDEBUG[0m [32mInvoking command in '/home/sam/colcon_ws/build/nav2_tb3_autonomy': CMAKE_PREFIX_PATH=${CMAKE_PREFIX_PATH}:/opt/ros/humble /usr/bin/cmake --install /home/sam/colcon_ws/build/nav2_tb3_autonomy[0m
[5.093s] [34mcolcon.colcon_core.environment[0m [1;30mLevel 1[0m create_environment_scripts_only(nav2_tb3_autonomy)
[5.093s] [34mcolcon.colcon_core.environment[0m [1;30mLevel 1[0m checking '/home/sam/colcon_ws/install/nav2_tb3_autonomy' for CMake module files
[5.094s] [34mcolcon.colcon_core.event_handler.log_command[0m [1;30mDEBUG[0m [32mInvoked command in '/home/sam/colcon_ws/build/nav2_tb3_autonomy' returned '0': CMAKE_PREFIX_PATH=${CMAKE_PREFIX_PATH}:/opt/ros/humble /usr/bin/cmake --install /home/sam/colcon_ws/build/nav2_tb3_autonomy[0m
[5.094s] [34mcolcon.colcon_core.environment[0m [1;30mLevel 1[0m checking '/home/sam/colcon_ws/install/nav2_tb3_autonomy' for CMake config files
[5.095s] [34mcolcon.colcon_core.shell[0m [1;30mLevel 1[0m create_environment_hook('nav2_tb3_autonomy', 'cmake_prefix_path')
[5.095s] [34mcolcon.colcon_core.shell[0m [1;30mINFO[0m Creating environment hook '/home/sam/colcon_ws/install/nav2_tb3_autonomy/share/nav2_tb3_autonomy/hook/cmake_prefix_path.ps1'
[5.096s] [34mcolcon.colcon_core.shell[0m [1;30mINFO[0m Creating environment descriptor '/home/sam/colcon_ws/install/nav2_tb3_autonomy/share/nav2_tb3_autonomy/hook/cmake_prefix_path.dsv'
[5.096s] [34mcolcon.colcon_core.shell[0m [1;30mINFO[0m Creating environment hook '/home/sam/colcon_ws/install/nav2_tb3_autonomy/share/nav2_tb3_autonomy/hook/cmake_prefix_path.sh'
[5.097s] [34mcolcon.colcon_core.environment[0m [1;30mLevel 1[0m checking '/home/sam/colcon_ws/install/nav2_tb3_autonomy/lib'
[5.097s] [34mcolcon.colcon_core.environment[0m [1;30mLevel 1[0m checking '/home/sam/colcon_ws/install/nav2_tb3_autonomy/bin'
[5.097s] [34mcolcon.colcon_core.environment[0m [1;30mLevel 1[0m checking '/home/sam/colcon_ws/install/nav2_tb3_autonomy/lib/pkgconfig/nav2_tb3_autonomy.pc'
[5.097s] [34mcolcon.colcon_core.environment[0m [1;30mLevel 1[0m checking '/home/sam/colcon_ws/install/nav2_tb3_autonomy/lib/python3.10/site-packages'
[5.098s] [34mcolcon.colcon_core.environment[0m [1;30mLevel 1[0m checking '/home/sam/colcon_ws/install/nav2_tb3_autonomy/bin'
[5.098s] [34mcolcon.colcon_core.shell[0m [1;30mINFO[0m Creating package script '/home/sam/colcon_ws/install/nav2_tb3_autonomy/share/nav2_tb3_autonomy/package.ps1'
[5.099s] [34mcolcon.colcon_core.shell[0m [1;30mINFO[0m Creating package descriptor '/home/sam/colcon_ws/install/nav2_tb3_autonomy/share/nav2_tb3_autonomy/package.dsv'
[5.099s] [34mcolcon.colcon_core.shell[0m [1;30mINFO[0m Creating package script '/home/sam/colcon_ws/install/nav2_tb3_autonomy/share/nav2_tb3_autonomy/package.sh'
[5.100s] [34mcolcon.colcon_core.shell[0m [1;30mINFO[0m Creating package script '/home/sam/colcon_ws/install/nav2_tb3_autonomy/share/nav2_tb3_autonomy/package.bash'
[5.100s] [34mcolcon.colcon_core.shell[0m [1;30mINFO[0m Creating package script '/home/sam/colcon_ws/install/nav2_tb3_autonomy/share/nav2_tb3_autonomy/package.zsh'
[5.100s] [34mcolcon.colcon_core.environment[0m [1;30mLevel 1[0m create_file_with_runtime_dependencies(/home/sam/colcon_ws/install/nav2_tb3_autonomy/share/colcon-core/packages/nav2_tb3_autonomy)
[5.101s] [34mcolcon.colcon_core.environment[0m [1;30mLevel 1[0m create_environment_scripts_only(nav2_tb3_autonomy)
[5.101s] [34mcolcon.colcon_core.environment[0m [1;30mLevel 1[0m checking '/home/sam/colcon_ws/install/nav2_tb3_autonomy' for CMake module files
[5.102s] [34mcolcon.colcon_core.environment[0m [1;30mLevel 1[0m checking '/home/sam/colcon_ws/install/nav2_tb3_autonomy' for CMake config files
[5.102s] [34mcolcon.colcon_core.shell[0m [1;30mLevel 1[0m create_environment_hook('nav2_tb3_autonomy', 'cmake_prefix_path')
[5.102s] [34mcolcon.colcon_core.shell[0m [1;30mINFO[0m Creating environment hook '/home/sam/colcon_ws/install/nav2_tb3_autonomy/share/nav2_tb3_autonomy/hook/cmake_prefix_path.ps1'
[5.103s] [34mcolcon.colcon_core.shell[0m [1;30mINFO[0m Creating environment descriptor '/home/sam/colcon_ws/install/nav2_tb3_autonomy/share/nav2_tb3_autonomy/hook/cmake_prefix_path.dsv'
[5.103s] [34mcolcon.colcon_core.shell[0m [1;30mINFO[0m Creating environment hook '/home/sam/colcon_ws/install/nav2_tb3_autonomy/share/nav2_tb3_autonomy/hook/cmake_prefix_path.sh'
[5.104s] [34mcolcon.colcon_core.environment[0m [1;30mLevel 1[0m checking '/home/sam/colcon_ws/install/nav2_tb3_autonomy/lib'
[5.104s] [34mcolcon.colcon_core.environment[0m [1;30mLevel 1[0m checking '/home/sam/colcon_ws/install/nav2_tb3_autonomy/bin'
[5.104s] [34mcolcon.colcon_core.environment[0m [1;30mLevel 1[0m checking '/home/sam/colcon_ws/install/nav2_tb3_autonomy/lib/pkgconfig/nav2_tb3_autonomy.pc'
[5.104s] [34mcolcon.colcon_core.environment[0m [1;30mLevel 1[0m checking '/home/sam/colcon_ws/install/nav2_tb3_autonomy/lib/python3.10/site-packages'
[5.105s] [34mcolcon.colcon_core.environment[0m [1;30mLevel 1[0m checking '/home/sam/colcon_ws/install/nav2_tb3_autonomy/bin'
[5.105s] [34mcolcon.colcon_core.shell[0m [1;30mINFO[0m Creating package script '/home/sam/colcon_ws/install/nav2_tb3_autonomy/share/nav2_tb3_autonomy/package.ps1'
[5.106s] [34mcolcon.colcon_core.shell[0m [1;30mINFO[0m Creating package descriptor '/home/sam/colcon_ws/install/nav2_tb3_autonomy/share/nav2_tb3_autonomy/package.dsv'
[5.106s] [34mcolcon.colcon_core.shell[0m [1;30mINFO[0m Creating package script '/home/sam/colcon_ws/install/nav2_tb3_autonomy/share/nav2_tb3_autonomy/package.sh'
[5.107s] [34mcolcon.colcon_core.shell[0m [1;30mINFO[0m Creating package script '/home/sam/colcon_ws/install/nav2_tb3_autonomy/share/nav2_tb3_autonomy/package.bash'
[5.107s] [34mcolcon.colcon_core.shell[0m [1;30mINFO[0m Creating package script '/home/sam/colcon_ws/install/nav2_tb3_autonomy/share/nav2_tb3_autonomy/package.zsh'
[5.108s] [34mcolcon.colcon_core.environment[0m [1;30mLevel 1[0m create_file_with_runtime_dependencies(/home/sam/colcon_ws/install/nav2_tb3_autonomy/share/colcon-core/packages/nav2_tb3_autonomy)
[5.108s] [34mcolcon.colcon_parallel_executor.executor.parallel[0m [1;30mDEBUG[0m [32mclosing loop[0m
[5.108s] [34mcolcon.colcon_parallel_executor.executor.parallel[0m [1;30mDEBUG[0m [32mloop closed[0m
[5.108s] [34mcolcon.colcon_parallel_executor.executor.parallel[0m [1;30mDEBUG[0m [32mrun_until_complete finished with '0'[0m
[5.108s] [34mcolcon.colcon_core.event_reactor[0m [1;30mDEBUG[0m [32mjoining thread[0m
[5.116s] [34mcolcon.colcon_core.plugin_system[0m [1;30mINFO[0m Skipping extension 'colcon_notification.desktop_notification.terminal_notifier': Not used on non-Darwin systems
[5.116s] [34mcolcon.colcon_core.plugin_system[0m [1;30mINFO[0m Skipping extension 'colcon_notification.desktop_notification.win32': Not used on non-Windows systems
[5.116s] [34mcolcon.colcon_notification.desktop_notification[0m [1;30mINFO[0m Sending desktop notification using 'notify2'
[5.131s] [34mcolcon.colcon_core.event_reactor[0m [1;30mDEBUG[0m [32mjoined thread[0m
[5.132s] [34mcolcon.colcon_core.shell[0m [1;30mINFO[0m Creating prefix script '/home/sam/colcon_ws/install/local_setup.ps1'
[5.134s] [34mcolcon.colcon_core.shell[0m [1;30mINFO[0m Creating prefix util module '/home/sam/colcon_ws/install/_local_setup_util_ps1.py'
[5.136s] [34mcolcon.colcon_core.shell[0m [1;30mINFO[0m Creating prefix chain script '/home/sam/colcon_ws/install/setup.ps1'
[5.138s] [34mcolcon.colcon_core.shell[0m [1;30mINFO[0m Creating prefix script '/home/sam/colcon_ws/install/local_setup.sh'
[5.139s] [34mcolcon.colcon_core.shell[0m [1;30mINFO[0m Creating prefix util module '/home/sam/colcon_ws/install/_local_setup_util_sh.py'
[5.139s] [34mcolcon.colcon_core.shell[0m [1;30mINFO[0m Creating prefix chain script '/home/sam/colcon_ws/install/setup.sh'
[5.141s] [34mcolcon.colcon_core.shell[0m [1;30mINFO[0m Creating prefix script '/home/sam/colcon_ws/install/local_setup.bash'
[5.142s] [34mcolcon.colcon_core.shell[0m [1;30mINFO[0m Creating prefix chain script '/home/sam/colcon_ws/install/setup.bash'
[5.143s] [34mcolcon.colcon_core.shell[0m [1;30mINFO[0m Creating prefix script '/home/sam/colcon_ws/install/local_setup.zsh'
[5.143s] [34mcolcon.colcon_core.shell[0m [1;30mINFO[0m Creating prefix chain script '/home/sam/colcon_ws/install/setup.zsh'
