[0.007s] Invoking command in '/home/sam/colcon_ws/src/sam_bot_description/build/sam_bot_description': CMAKE_PREFIX_PATH=${CMAKE_PREFIX_PATH}:/home/sam/colcon_ws/install/dronos_ika:/opt/ros/humble /usr/bin/cmake --build /home/sam/colcon_ws/src/sam_bot_description/build/sam_bot_description -- -j20 -l20
[0.022s] -- Found ament_cmake: 1.3.12 (/opt/ros/humble/share/ament_cmake/cmake)
[0.095s] -- Override CMake install command with custom implementation using symlinks instead of copying resources
[0.098s] -- Found ament_lint_auto: 0.12.14 (/opt/ros/humble/share/ament_lint_auto/cmake)
[0.158s] -- Added test 'cppcheck' to perform static code analysis on C / C++ code
[0.158s] -- Configured cppcheck include dirs: 
[0.158s] -- Configured cppcheck exclude dirs and/or files: 
[0.160s] -- Added test 'flake8' to check Python code syntax and style conventions
[0.162s] -- Added test 'lint_cmake' to check CMake code style
[0.163s] -- Added test 'pep257' to check Python code against some of the docstring style conventions in PEP 257
[0.173s] -- Added test 'uncrustify' to check C / C++ code style
[0.173s] -- Configured uncrustify additional arguments: 
[0.174s] -- Added test 'xmllint' to check XML markup files
[0.175s] -- Configuring done
[0.176s] -- Generating done
[0.177s] -- Build files have been written to: /home/sam/colcon_ws/src/sam_bot_description/build/sam_bot_description
[0.191s] Invoked command in '/home/sam/colcon_ws/src/sam_bot_description/build/sam_bot_description' returned '0': CMAKE_PREFIX_PATH=${CMAKE_PREFIX_PATH}:/home/sam/colcon_ws/install/dronos_ika:/opt/ros/humble /usr/bin/cmake --build /home/sam/colcon_ws/src/sam_bot_description/build/sam_bot_description -- -j20 -l20
[0.198s] Invoking command in '/home/sam/colcon_ws/src/sam_bot_description/build/sam_bot_description': CMAKE_PREFIX_PATH=${CMAKE_PREFIX_PATH}:/home/sam/colcon_ws/install/dronos_ika:/opt/ros/humble /usr/bin/cmake --install /home/sam/colcon_ws/src/sam_bot_description/build/sam_bot_description
[0.203s] -- Install configuration: ""
[0.203s] -- Execute custom install script
[0.204s] -- Up-to-date symlink: /home/sam/colcon_ws/src/sam_bot_description/install/sam_bot_description/share/sam_bot_description/src/description/camera.xacro
[0.204s] -- Up-to-date symlink: /home/sam/colcon_ws/src/sam_bot_description/install/sam_bot_description/share/sam_bot_description/src/description/depth_camera.xacro
[0.204s] -- Up-to-date symlink: /home/sam/colcon_ws/src/sam_bot_description/install/sam_bot_description/share/sam_bot_description/src/description/gazebo_control.xacro
[0.204s] -- Up-to-date symlink: /home/sam/colcon_ws/src/sam_bot_description/install/sam_bot_description/share/sam_bot_description/src/description/inertial_macros.xacro
[0.204s] -- Up-to-date symlink: /home/sam/colcon_ws/src/sam_bot_description/install/sam_bot_description/share/sam_bot_description/src/description/lidar.xacro
[0.204s] -- Up-to-date symlink: /home/sam/colcon_ws/src/sam_bot_description/install/sam_bot_description/share/sam_bot_description/src/description/robot.urdf.xacro
[0.204s] -- Up-to-date symlink: /home/sam/colcon_ws/src/sam_bot_description/install/sam_bot_description/share/sam_bot_description/src/description/robot_core.xacro
[0.204s] -- Up-to-date symlink: /home/sam/colcon_ws/src/sam_bot_description/install/sam_bot_description/share/sam_bot_description/src/description/ros2_control.xacro
[0.204s] -- Up-to-date symlink: /home/sam/colcon_ws/src/sam_bot_description/install/sam_bot_description/share/sam_bot_description/src/description/sam_bot_description.sdf
[0.204s] -- Up-to-date symlink: /home/sam/colcon_ws/src/sam_bot_description/install/sam_bot_description/share/sam_bot_description/src/description/sam_bot_description.urdf
[0.204s] -- Up-to-date symlink: /home/sam/colcon_ws/src/sam_bot_description/install/sam_bot_description/share/sam_bot_description/launch/display.launch.py
[0.204s] -- Symlinking: /home/sam/colcon_ws/src/sam_bot_description/install/sam_bot_description/share/sam_bot_description/launch/joystick.launch.py
[0.210s] -- Up-to-date symlink: /home/sam/colcon_ws/src/sam_bot_description/install/sam_bot_description/share/sam_bot_description/launch/launch_sim.launch.py
[0.210s] -- Up-to-date symlink: /home/sam/colcon_ws/src/sam_bot_description/install/sam_bot_description/share/sam_bot_description/launch/rsp.launch.py
[0.210s] -- Up-to-date symlink: /home/sam/colcon_ws/src/sam_bot_description/install/sam_bot_description/share/sam_bot_description/rviz/config.rviz
[0.210s] -- Up-to-date symlink: /home/sam/colcon_ws/src/sam_bot_description/install/sam_bot_description/share/sam_bot_description/config/ekf.yaml
[0.210s] -- Symlinking: /home/sam/colcon_ws/src/sam_bot_description/install/sam_bot_description/share/sam_bot_description/config/joystick.yaml
[0.219s] -- Up-to-date symlink: /home/sam/colcon_ws/src/sam_bot_description/install/sam_bot_description/share/sam_bot_description/config/mapper_params_online_async.yaml
[0.219s] -- Up-to-date symlink: /home/sam/colcon_ws/src/sam_bot_description/install/sam_bot_description/share/sam_bot_description/config/my_controllers.yaml
[0.219s] -- Up-to-date symlink: /home/sam/colcon_ws/src/sam_bot_description/install/sam_bot_description/share/sam_bot_description/config/twist_mux.yaml
[0.219s] -- Symlinking: /home/sam/colcon_ws/src/sam_bot_description/install/sam_bot_description/share/sam_bot_description/world/ida_world
[0.227s] -- Symlinking: /home/sam/colcon_ws/src/sam_bot_description/install/sam_bot_description/share/sam_bot_description/world/model.sdf
[0.237s] -- Up-to-date symlink: /home/sam/colcon_ws/src/sam_bot_description/install/sam_bot_description/share/sam_bot_description/world/my_world.sdf
[0.237s] -- Up-to-date symlink: /home/sam/colcon_ws/src/sam_bot_description/install/sam_bot_description/share/ament_index/resource_index/package_run_dependencies/sam_bot_description
[0.237s] -- Up-to-date symlink: /home/sam/colcon_ws/src/sam_bot_description/install/sam_bot_description/share/ament_index/resource_index/parent_prefix_path/sam_bot_description
[0.237s] -- Up-to-date symlink: /home/sam/colcon_ws/src/sam_bot_description/install/sam_bot_description/share/sam_bot_description/environment/ament_prefix_path.sh
[0.237s] -- Up-to-date symlink: /home/sam/colcon_ws/src/sam_bot_description/install/sam_bot_description/share/sam_bot_description/environment/ament_prefix_path.dsv
[0.238s] -- Up-to-date symlink: /home/sam/colcon_ws/src/sam_bot_description/install/sam_bot_description/share/sam_bot_description/environment/path.sh
[0.238s] -- Up-to-date symlink: /home/sam/colcon_ws/src/sam_bot_description/install/sam_bot_description/share/sam_bot_description/environment/path.dsv
[0.238s] -- Up-to-date symlink: /home/sam/colcon_ws/src/sam_bot_description/install/sam_bot_description/share/sam_bot_description/local_setup.bash
[0.238s] -- Up-to-date symlink: /home/sam/colcon_ws/src/sam_bot_description/install/sam_bot_description/share/sam_bot_description/local_setup.sh
[0.238s] -- Up-to-date symlink: /home/sam/colcon_ws/src/sam_bot_description/install/sam_bot_description/share/sam_bot_description/local_setup.zsh
[0.238s] -- Up-to-date symlink: /home/sam/colcon_ws/src/sam_bot_description/install/sam_bot_description/share/sam_bot_description/local_setup.dsv
[0.238s] -- Symlinking: /home/sam/colcon_ws/src/sam_bot_description/install/sam_bot_description/share/sam_bot_description/package.dsv
[0.247s] -- Up-to-date symlink: /home/sam/colcon_ws/src/sam_bot_description/install/sam_bot_description/share/ament_index/resource_index/packages/sam_bot_description
[0.247s] -- Up-to-date symlink: /home/sam/colcon_ws/src/sam_bot_description/install/sam_bot_description/share/sam_bot_description/cmake/sam_bot_descriptionConfig.cmake
[0.247s] -- Up-to-date symlink: /home/sam/colcon_ws/src/sam_bot_description/install/sam_bot_description/share/sam_bot_description/cmake/sam_bot_descriptionConfig-version.cmake
[0.247s] -- Up-to-date symlink: /home/sam/colcon_ws/src/sam_bot_description/install/sam_bot_description/share/sam_bot_description/package.xml
[0.249s] Invoked command in '/home/sam/colcon_ws/src/sam_bot_description/build/sam_bot_description' returned '0': CMAKE_PREFIX_PATH=${CMAKE_PREFIX_PATH}:/home/sam/colcon_ws/install/dronos_ika:/opt/ros/humble /usr/bin/cmake --install /home/sam/colcon_ws/src/sam_bot_description/build/sam_bot_description
