[35m[1mConsolidate compiler generated dependencies of target autonomy_node[0m
[ 33%] [32mBuilding CXX object CMakeFiles/autonomy_node.dir/src/autonomy_node.cpp.o[0m
[ 66%] [32mBuilding CXX object CMakeFiles/autonomy_node.dir/src/navigation_behaviors.cpp.o[0m
In file included from [01m[K/opt/ros/humble/include/rclcpp/rclcpp/logging.hpp:24[m[K,
                 from [01m[K/opt/ros/humble/include/rclcpp/rclcpp/client.hpp:40[m[K,
                 from [01m[K/opt/ros/humble/include/rclcpp/rclcpp/callback_group.hpp:24[m[K,
                 from [01m[K/opt/ros/humble/include/rclcpp/rclcpp/any_executable.hpp:20[m[K,
                 from [01m[K/opt/ros/humble/include/rclcpp/rclcpp/memory_strategy.hpp:25[m[K,
                 from [01m[K/opt/ros/humble/include/rclcpp/rclcpp/memory_strategies.hpp:18[m[K,
                 from [01m[K/opt/ros/humble/include/rclcpp/rclcpp/executor_options.hpp:20[m[K,
                 from [01m[K/opt/ros/humble/include/rclcpp/rclcpp/executor.hpp:37[m[K,
                 from [01m[K/opt/ros/humble/include/rclcpp/rclcpp/executors/multi_threaded_executor.hpp:25[m[K,
                 from [01m[K/opt/ros/humble/include/rclcpp/rclcpp/executors.hpp:21[m[K,
                 from [01m[K/opt/ros/humble/include/rclcpp/rclcpp/rclcpp.hpp:155[m[K,
                 from [01m[K/home/sam/colcon_ws/src/nav2_tb3_autonomy/include/navigation_behaviors.h:1[m[K,
                 from [01m[K/home/sam/colcon_ws/src/nav2_tb3_autonomy/src/navigation_behaviors.cpp:1[m[K:
[01m[K/home/sam/colcon_ws/src/nav2_tb3_autonomy/src/navigation_behaviors.cpp:[m[K In member function ‘[01m[Kvirtual BT::NodeStatus GoToPose::onRunning()[m[K’:
[01m[K/home/sam/colcon_ws/src/nav2_tb3_autonomy/src/navigation_behaviors.cpp:55:42:[m[K [01;35m[Kwarning: [m[Kformat ‘[01m[K%s[m[K’ expects argument of type ‘[01m[Kchar*[m[K’, but argument 5 has type ‘[01m[Kconst string[m[K’ {aka ‘[01m[Kconst std::__cxx11::basic_string<char>[m[K’} [[01;35m[K]8;;https://gcc.gnu.org/onlinedocs/gcc/Warning-Options.html#index-Wformat=-Wformat=]8;;[m[K]
   55 |     RCLCPP_INFO(node_ptr_->get_logger(), [01;35m[K"[%s] Goal reached\n"[m[K, this->name());
      |                                          [01;35m[K^~~~~~~~~~~~~~~~~~~~~[m[K
[01m[K/home/sam/colcon_ws/src/nav2_tb3_autonomy/src/navigation_behaviors.cpp:55:45:[m[K [01;36m[Knote: [m[Kformat string is defined here
   55 |     RCLCPP_INFO(node_ptr_->get_logger(), "[[01;36m[K%s[m[K] Goal reached\n", this->name());
      |                                            [01;36m[K~^[m[K
      |                                             [01;36m[K|[m[K
      |                                             [01;36m[Kchar*[m[K
[100%] [32m[1mLinking CXX executable autonomy_node[0m
[100%] Built target autonomy_node
-- Install configuration: ""
-- Up-to-date: /home/sam/colcon_ws/src/nav2_tb3_autonomy/install/nav2_tb3_autonomy/share/nav2_tb3_autonomy/bt_xml
-- Up-to-date: /home/sam/colcon_ws/src/nav2_tb3_autonomy/install/nav2_tb3_autonomy/share/nav2_tb3_autonomy/bt_xml/tree.xml
-- Up-to-date: /home/sam/colcon_ws/src/nav2_tb3_autonomy/install/nav2_tb3_autonomy/share/nav2_tb3_autonomy/launch
-- Up-to-date: /home/sam/colcon_ws/src/nav2_tb3_autonomy/install/nav2_tb3_autonomy/share/nav2_tb3_autonomy/launch/autonomy.launch.py
-- Up-to-date: /home/sam/colcon_ws/src/nav2_tb3_autonomy/install/nav2_tb3_autonomy/share/nav2_tb3_autonomy/config
-- Up-to-date: /home/sam/colcon_ws/src/nav2_tb3_autonomy/install/nav2_tb3_autonomy/share/nav2_tb3_autonomy/config/sim_house_locations.yaml
-- Installing: /home/sam/colcon_ws/src/nav2_tb3_autonomy/install/nav2_tb3_autonomy/lib/nav2_tb3_autonomy/autonomy_node
-- Set runtime path of "/home/sam/colcon_ws/src/nav2_tb3_autonomy/install/nav2_tb3_autonomy/lib/nav2_tb3_autonomy/autonomy_node" to ""
-- Up-to-date: /home/sam/colcon_ws/src/nav2_tb3_autonomy/install/nav2_tb3_autonomy/share/ament_index/resource_index/package_run_dependencies/nav2_tb3_autonomy
-- Up-to-date: /home/sam/colcon_ws/src/nav2_tb3_autonomy/install/nav2_tb3_autonomy/share/ament_index/resource_index/parent_prefix_path/nav2_tb3_autonomy
-- Up-to-date: /home/sam/colcon_ws/src/nav2_tb3_autonomy/install/nav2_tb3_autonomy/share/nav2_tb3_autonomy/environment/ament_prefix_path.sh
-- Up-to-date: /home/sam/colcon_ws/src/nav2_tb3_autonomy/install/nav2_tb3_autonomy/share/nav2_tb3_autonomy/environment/ament_prefix_path.dsv
-- Up-to-date: /home/sam/colcon_ws/src/nav2_tb3_autonomy/install/nav2_tb3_autonomy/share/nav2_tb3_autonomy/environment/path.sh
-- Up-to-date: /home/sam/colcon_ws/src/nav2_tb3_autonomy/install/nav2_tb3_autonomy/share/nav2_tb3_autonomy/environment/path.dsv
-- Up-to-date: /home/sam/colcon_ws/src/nav2_tb3_autonomy/install/nav2_tb3_autonomy/share/nav2_tb3_autonomy/local_setup.bash
-- Up-to-date: /home/sam/colcon_ws/src/nav2_tb3_autonomy/install/nav2_tb3_autonomy/share/nav2_tb3_autonomy/local_setup.sh
-- Up-to-date: /home/sam/colcon_ws/src/nav2_tb3_autonomy/install/nav2_tb3_autonomy/share/nav2_tb3_autonomy/local_setup.zsh
-- Up-to-date: /home/sam/colcon_ws/src/nav2_tb3_autonomy/install/nav2_tb3_autonomy/share/nav2_tb3_autonomy/local_setup.dsv
-- Installing: /home/sam/colcon_ws/src/nav2_tb3_autonomy/install/nav2_tb3_autonomy/share/nav2_tb3_autonomy/package.dsv
-- Up-to-date: /home/sam/colcon_ws/src/nav2_tb3_autonomy/install/nav2_tb3_autonomy/share/ament_index/resource_index/packages/nav2_tb3_autonomy
-- Up-to-date: /home/sam/colcon_ws/src/nav2_tb3_autonomy/install/nav2_tb3_autonomy/share/nav2_tb3_autonomy/cmake/nav2_tb3_autonomyConfig.cmake
-- Up-to-date: /home/sam/colcon_ws/src/nav2_tb3_autonomy/install/nav2_tb3_autonomy/share/nav2_tb3_autonomy/cmake/nav2_tb3_autonomyConfig-version.cmake
-- Up-to-date: /home/sam/colcon_ws/src/nav2_tb3_autonomy/install/nav2_tb3_autonomy/share/nav2_tb3_autonomy/package.xml
