-- Found ament_cmake: 1.3.12 (/opt/ros/humble/share/ament_cmake/cmake)
-- Override CMake install command with custom implementation using symlinks instead of copying resources
-- Found rclcpp: 16.0.14 (/opt/ros/humble/share/rclcpp/cmake)
-- Found rosidl_generator_c: 3.1.7 (/opt/ros/humble/share/rosidl_generator_c/cmake)
-- Found rosidl_adapter: 3.1.7 (/opt/ros/humble/share/rosidl_adapter/cmake)
-- Found rosidl_generator_cpp: 3.1.7 (/opt/ros/humble/share/rosidl_generator_cpp/cmake)
-- Using all available rosidl_typesupport_c: rosidl_typesupport_fastrtps_c;rosidl_typesupport_introspection_c
-- Using all available rosidl_typesupport_cpp: rosidl_typesupport_fastrtps_cpp;rosidl_typesupport_introspection_cpp
-- Found rmw_implementation_cmake: 6.1.2 (/opt/ros/humble/share/rmw_implementation_cmake/cmake)
-- Found rmw_cyclonedds_cpp: 1.3.4 (/opt/ros/humble/share/rmw_cyclonedds_cpp/cmake)
-- Using RMW implementation 'rmw_cyclonedds_cpp' as default
-- Found rclcpp_action: 16.0.14 (/opt/ros/humble/share/rclcpp_action/cmake)
-- Found nav2_msgs: 1.1.18 (/opt/ros/humble/share/nav2_msgs/cmake)
-- Found tf2: 0.25.16 (/opt/ros/humble/share/tf2/cmake)
-- Found tf2_geometry_msgs: 0.25.16 (/opt/ros/humble/share/tf2_geometry_msgs/cmake)
-- Found eigen3_cmake_module: 0.1.1 (/opt/ros/humble/share/eigen3_cmake_module/cmake)
-- Ensuring Eigen3 include directory is part of orocos-kdl CMake target
-- Found ament_lint_auto: 0.12.14 (/opt/ros/humble/share/ament_lint_auto/cmake)
-- Added test 'copyright' to check source files copyright and LICENSE
-- Added test 'cppcheck' to perform static code analysis on C / C++ code
-- Configured cppcheck include dirs: /home/sam/colcon_ws/src/nav2_tb3_autonomy/include
-- Configured cppcheck exclude dirs and/or files: 
-- Added test 'cpplint' to check C / C++ code against the Google style
-- Configured cpplint exclude dirs and/or files: 
-- Added test 'flake8' to check Python code syntax and style conventions
-- Added test 'lint_cmake' to check CMake code style
-- Added test 'pep257' to check Python code against some of the docstring style conventions in PEP 257
-- Added test 'uncrustify' to check C / C++ code style
-- Configured uncrustify additional arguments: 
-- Added test 'xmllint' to check XML markup files
-- Configuring done
-- Generating done
-- Build files have been written to: /home/sam/colcon_ws/src/nav2_tb3_autonomy/build/nav2_tb3_autonomy
[35m[1mConsolidate compiler generated dependencies of target autonomy_node[0m
[ 33%] [32m[1mLinking CXX executable autonomy_node[0m
[100%] Built target autonomy_node
-- Install configuration: ""
-- Execute custom install script
-- Symlinking: /home/sam/colcon_ws/src/nav2_tb3_autonomy/install/nav2_tb3_autonomy/share/nav2_tb3_autonomy/bt_xml/tree.xml
-- Symlinking: /home/sam/colcon_ws/src/nav2_tb3_autonomy/install/nav2_tb3_autonomy/share/nav2_tb3_autonomy/launch/__pycache__/autonomy.launch.cpython-310.pyc
-- Symlinking: /home/sam/colcon_ws/src/nav2_tb3_autonomy/install/nav2_tb3_autonomy/share/nav2_tb3_autonomy/launch/autonomy.launch.py
-- Symlinking: /home/sam/colcon_ws/src/nav2_tb3_autonomy/install/nav2_tb3_autonomy/share/nav2_tb3_autonomy/launch/nav2.launch.py
-- Symlinking: /home/sam/colcon_ws/src/nav2_tb3_autonomy/install/nav2_tb3_autonomy/share/nav2_tb3_autonomy/config/sim_house_locations.yaml
-- Symlinking: /home/sam/colcon_ws/src/nav2_tb3_autonomy/install/nav2_tb3_autonomy/lib/nav2_tb3_autonomy/autonomy_node
-- Symlinking: /home/sam/colcon_ws/src/nav2_tb3_autonomy/install/nav2_tb3_autonomy/share/ament_index/resource_index/package_run_dependencies/nav2_tb3_autonomy
-- Symlinking: /home/sam/colcon_ws/src/nav2_tb3_autonomy/install/nav2_tb3_autonomy/share/ament_index/resource_index/parent_prefix_path/nav2_tb3_autonomy
-- Symlinking: /home/sam/colcon_ws/src/nav2_tb3_autonomy/install/nav2_tb3_autonomy/share/nav2_tb3_autonomy/environment/ament_prefix_path.sh
-- Symlinking: /home/sam/colcon_ws/src/nav2_tb3_autonomy/install/nav2_tb3_autonomy/share/nav2_tb3_autonomy/environment/ament_prefix_path.dsv
-- Symlinking: /home/sam/colcon_ws/src/nav2_tb3_autonomy/install/nav2_tb3_autonomy/share/nav2_tb3_autonomy/environment/path.sh
-- Symlinking: /home/sam/colcon_ws/src/nav2_tb3_autonomy/install/nav2_tb3_autonomy/share/nav2_tb3_autonomy/environment/path.dsv
-- Symlinking: /home/sam/colcon_ws/src/nav2_tb3_autonomy/install/nav2_tb3_autonomy/share/nav2_tb3_autonomy/local_setup.bash
-- Symlinking: /home/sam/colcon_ws/src/nav2_tb3_autonomy/install/nav2_tb3_autonomy/share/nav2_tb3_autonomy/local_setup.sh
-- Symlinking: /home/sam/colcon_ws/src/nav2_tb3_autonomy/install/nav2_tb3_autonomy/share/nav2_tb3_autonomy/local_setup.zsh
-- Symlinking: /home/sam/colcon_ws/src/nav2_tb3_autonomy/install/nav2_tb3_autonomy/share/nav2_tb3_autonomy/local_setup.dsv
-- Symlinking: /home/sam/colcon_ws/src/nav2_tb3_autonomy/install/nav2_tb3_autonomy/share/nav2_tb3_autonomy/package.dsv
-- Symlinking: /home/sam/colcon_ws/src/nav2_tb3_autonomy/install/nav2_tb3_autonomy/share/ament_index/resource_index/packages/nav2_tb3_autonomy
-- Symlinking: /home/sam/colcon_ws/src/nav2_tb3_autonomy/install/nav2_tb3_autonomy/share/nav2_tb3_autonomy/cmake/nav2_tb3_autonomyConfig.cmake
-- Symlinking: /home/sam/colcon_ws/src/nav2_tb3_autonomy/install/nav2_tb3_autonomy/share/nav2_tb3_autonomy/cmake/nav2_tb3_autonomyConfig-version.cmake
-- Symlinking: /home/sam/colcon_ws/src/nav2_tb3_autonomy/install/nav2_tb3_autonomy/share/nav2_tb3_autonomy/package.xml
