[0.007s] Invoking command in '/home/sam/colcon_ws/src/nav2_tb3_autonomy/build/nav2_tb3_autonomy': CMAKE_PREFIX_PATH=${CMAKE_PREFIX_PATH}:/home/sam/colcon_ws/install/dronos_ika:/opt/ros/humble /usr/bin/cmake /home/sam/colcon_ws/src/nav2_tb3_autonomy -DAMENT_CMAKE_SYMLINK_INSTALL=1 -DCMAKE_INSTALL_PREFIX=/home/sam/colcon_ws/src/nav2_tb3_autonomy/install/nav2_tb3_autonomy
[0.017s] -- Found ament_cmake: 1.3.12 (/opt/ros/humble/share/ament_cmake/cmake)
[0.105s] -- Override CMake install command with custom implementation using symlinks instead of copying resources
[0.108s] -- Found rclcpp: 16.0.14 (/opt/ros/humble/share/rclcpp/cmake)
[0.125s] -- Found rosidl_generator_c: 3.1.7 (/opt/ros/humble/share/rosidl_generator_c/cmake)
[0.126s] -- Found rosidl_adapter: 3.1.7 (/opt/ros/humble/share/rosidl_adapter/cmake)
[0.131s] -- Found rosidl_generator_cpp: 3.1.7 (/opt/ros/humble/share/rosidl_generator_cpp/cmake)
[0.136s] -- Using all available rosidl_typesupport_c: rosidl_typesupport_fastrtps_c;rosidl_typesupport_introspection_c
[0.142s] -- Using all available rosidl_typesupport_cpp: rosidl_typesupport_fastrtps_cpp;rosidl_typesupport_introspection_cpp
[0.160s] -- Found rmw_implementation_cmake: 6.1.2 (/opt/ros/humble/share/rmw_implementation_cmake/cmake)
[0.161s] -- Found rmw_cyclonedds_cpp: 1.3.4 (/opt/ros/humble/share/rmw_cyclonedds_cpp/cmake)
[0.172s] -- Using RMW implementation 'rmw_cyclonedds_cpp' as default
[0.200s] -- Found rclcpp_action: 16.0.14 (/opt/ros/humble/share/rclcpp_action/cmake)
[0.217s] -- Found nav2_msgs: 1.1.18 (/opt/ros/humble/share/nav2_msgs/cmake)
[0.247s] -- Found tf2: 0.25.16 (/opt/ros/humble/share/tf2/cmake)
[0.249s] -- Found tf2_geometry_msgs: 0.25.16 (/opt/ros/humble/share/tf2_geometry_msgs/cmake)
[0.251s] -- Found eigen3_cmake_module: 0.1.1 (/opt/ros/humble/share/eigen3_cmake_module/cmake)
[0.252s] -- Ensuring Eigen3 include directory is part of orocos-kdl CMake target
[0.281s] -- Found ament_lint_auto: 0.12.14 (/opt/ros/humble/share/ament_lint_auto/cmake)
[0.338s] -- Added test 'copyright' to check source files copyright and LICENSE
[0.342s] -- Added test 'cppcheck' to perform static code analysis on C / C++ code
[0.343s] -- Configured cppcheck include dirs: /home/sam/colcon_ws/src/nav2_tb3_autonomy/include
[0.343s] -- Configured cppcheck exclude dirs and/or files: 
[0.347s] -- Added test 'cpplint' to check C / C++ code against the Google style
[0.347s] -- Configured cpplint exclude dirs and/or files: 
[0.348s] -- Added test 'flake8' to check Python code syntax and style conventions
[0.349s] -- Added test 'lint_cmake' to check CMake code style
[0.350s] -- Added test 'pep257' to check Python code against some of the docstring style conventions in PEP 257
[0.355s] -- Added test 'uncrustify' to check C / C++ code style
[0.355s] -- Configured uncrustify additional arguments: 
[0.355s] -- Added test 'xmllint' to check XML markup files
[0.356s] -- Configuring done
[0.363s] -- Generating done
[0.365s] -- Build files have been written to: /home/sam/colcon_ws/src/nav2_tb3_autonomy/build/nav2_tb3_autonomy
[0.372s] Invoked command in '/home/sam/colcon_ws/src/nav2_tb3_autonomy/build/nav2_tb3_autonomy' returned '0': CMAKE_PREFIX_PATH=${CMAKE_PREFIX_PATH}:/home/sam/colcon_ws/install/dronos_ika:/opt/ros/humble /usr/bin/cmake /home/sam/colcon_ws/src/nav2_tb3_autonomy -DAMENT_CMAKE_SYMLINK_INSTALL=1 -DCMAKE_INSTALL_PREFIX=/home/sam/colcon_ws/src/nav2_tb3_autonomy/install/nav2_tb3_autonomy
[0.372s] Invoking command in '/home/sam/colcon_ws/src/nav2_tb3_autonomy/build/nav2_tb3_autonomy': CMAKE_PREFIX_PATH=${CMAKE_PREFIX_PATH}:/home/sam/colcon_ws/install/dronos_ika:/opt/ros/humble /usr/bin/cmake --build /home/sam/colcon_ws/src/nav2_tb3_autonomy/build/nav2_tb3_autonomy -- -j20 -l20
[0.410s] [35m[1mConsolidate compiler generated dependencies of target autonomy_node[0m
[0.427s] [ 33%] [32m[1mLinking CXX executable autonomy_node[0m
[0.612s] [100%] Built target autonomy_node
[0.621s] Invoked command in '/home/sam/colcon_ws/src/nav2_tb3_autonomy/build/nav2_tb3_autonomy' returned '0': CMAKE_PREFIX_PATH=${CMAKE_PREFIX_PATH}:/home/sam/colcon_ws/install/dronos_ika:/opt/ros/humble /usr/bin/cmake --build /home/sam/colcon_ws/src/nav2_tb3_autonomy/build/nav2_tb3_autonomy -- -j20 -l20
[0.629s] Invoking command in '/home/sam/colcon_ws/src/nav2_tb3_autonomy/build/nav2_tb3_autonomy': CMAKE_PREFIX_PATH=${CMAKE_PREFIX_PATH}:/home/sam/colcon_ws/install/dronos_ika:/opt/ros/humble /usr/bin/cmake --install /home/sam/colcon_ws/src/nav2_tb3_autonomy/build/nav2_tb3_autonomy
[0.636s] -- Install configuration: ""
[0.636s] -- Execute custom install script
[0.636s] -- Symlinking: /home/sam/colcon_ws/src/nav2_tb3_autonomy/install/nav2_tb3_autonomy/share/nav2_tb3_autonomy/bt_xml/tree.xml
[0.646s] -- Symlinking: /home/sam/colcon_ws/src/nav2_tb3_autonomy/install/nav2_tb3_autonomy/share/nav2_tb3_autonomy/launch/__pycache__/autonomy.launch.cpython-310.pyc
[0.655s] -- Symlinking: /home/sam/colcon_ws/src/nav2_tb3_autonomy/install/nav2_tb3_autonomy/share/nav2_tb3_autonomy/launch/autonomy.launch.py
[0.663s] -- Symlinking: /home/sam/colcon_ws/src/nav2_tb3_autonomy/install/nav2_tb3_autonomy/share/nav2_tb3_autonomy/launch/nav2.launch.py
[0.671s] -- Symlinking: /home/sam/colcon_ws/src/nav2_tb3_autonomy/install/nav2_tb3_autonomy/share/nav2_tb3_autonomy/config/sim_house_locations.yaml
[0.680s] -- Symlinking: /home/sam/colcon_ws/src/nav2_tb3_autonomy/install/nav2_tb3_autonomy/lib/nav2_tb3_autonomy/autonomy_node
[0.690s] -- Symlinking: /home/sam/colcon_ws/src/nav2_tb3_autonomy/install/nav2_tb3_autonomy/share/ament_index/resource_index/package_run_dependencies/nav2_tb3_autonomy
[0.699s] -- Symlinking: /home/sam/colcon_ws/src/nav2_tb3_autonomy/install/nav2_tb3_autonomy/share/ament_index/resource_index/parent_prefix_path/nav2_tb3_autonomy
[0.708s] -- Symlinking: /home/sam/colcon_ws/src/nav2_tb3_autonomy/install/nav2_tb3_autonomy/share/nav2_tb3_autonomy/environment/ament_prefix_path.sh
[0.717s] -- Symlinking: /home/sam/colcon_ws/src/nav2_tb3_autonomy/install/nav2_tb3_autonomy/share/nav2_tb3_autonomy/environment/ament_prefix_path.dsv
[0.730s] -- Symlinking: /home/sam/colcon_ws/src/nav2_tb3_autonomy/install/nav2_tb3_autonomy/share/nav2_tb3_autonomy/environment/path.sh
[0.746s] -- Symlinking: /home/sam/colcon_ws/src/nav2_tb3_autonomy/install/nav2_tb3_autonomy/share/nav2_tb3_autonomy/environment/path.dsv
[0.760s] -- Symlinking: /home/sam/colcon_ws/src/nav2_tb3_autonomy/install/nav2_tb3_autonomy/share/nav2_tb3_autonomy/local_setup.bash
[0.772s] -- Symlinking: /home/sam/colcon_ws/src/nav2_tb3_autonomy/install/nav2_tb3_autonomy/share/nav2_tb3_autonomy/local_setup.sh
[0.786s] -- Symlinking: /home/sam/colcon_ws/src/nav2_tb3_autonomy/install/nav2_tb3_autonomy/share/nav2_tb3_autonomy/local_setup.zsh
[0.798s] -- Symlinking: /home/sam/colcon_ws/src/nav2_tb3_autonomy/install/nav2_tb3_autonomy/share/nav2_tb3_autonomy/local_setup.dsv
[0.809s] -- Symlinking: /home/sam/colcon_ws/src/nav2_tb3_autonomy/install/nav2_tb3_autonomy/share/nav2_tb3_autonomy/package.dsv
[0.819s] -- Symlinking: /home/sam/colcon_ws/src/nav2_tb3_autonomy/install/nav2_tb3_autonomy/share/ament_index/resource_index/packages/nav2_tb3_autonomy
[0.826s] -- Symlinking: /home/sam/colcon_ws/src/nav2_tb3_autonomy/install/nav2_tb3_autonomy/share/nav2_tb3_autonomy/cmake/nav2_tb3_autonomyConfig.cmake
[0.838s] -- Symlinking: /home/sam/colcon_ws/src/nav2_tb3_autonomy/install/nav2_tb3_autonomy/share/nav2_tb3_autonomy/cmake/nav2_tb3_autonomyConfig-version.cmake
[0.848s] -- Symlinking: /home/sam/colcon_ws/src/nav2_tb3_autonomy/install/nav2_tb3_autonomy/share/nav2_tb3_autonomy/package.xml
[0.860s] Invoked command in '/home/sam/colcon_ws/src/nav2_tb3_autonomy/build/nav2_tb3_autonomy' returned '0': CMAKE_PREFIX_PATH=${CMAKE_PREFIX_PATH}:/home/sam/colcon_ws/install/dronos_ika:/opt/ros/humble /usr/bin/cmake --install /home/sam/colcon_ws/src/nav2_tb3_autonomy/build/nav2_tb3_autonomy
